<?xml version="1.0" encoding="utf-8" standalone="no"?>
<!--This file represents the results of running a test suite-->
<test-results name="C:\Users\yowko151215\Source\Repos\jenkins-labs-1\Tests\Nop.Data.Tests\Nop.Data.Tests.csproj" total="142" errors="142" failures="0" not-run="0" inconclusive="0" ignored="0" skipped="0" invalid="0" date="2015-12-17" time="09:36:30">
  <environment nunit-version="2.6.4.14350" clr-version="2.0.50727.8009" os-version="Microsoft Windows NT 6.2.9200.0" platform="Win32NT" cwd="C:\Users\yowko151215\Source\Repos\jenkins-labs-1\Tests\Nop.Data.Tests" machine-name="YOWKO151215" user="yowko151215" user-domain="YOWKO151215" />
  <culture-info current-culture="en-US" current-uiculture="en-US" />
  <test-suite type="Project" name="C:\Users\yowko151215\Source\Repos\jenkins-labs-1\Tests\Nop.Data.Tests\Nop.Data.Tests.csproj" executed="True" result="Failure" success="False" time="5.751" asserts="0">
    <results>
      <test-suite type="Assembly" name="C:\Users\yowko151215\Source\Repos\jenkins-labs-1\Tests\Nop.Data.Tests\bin\Debug\Nop.Data.Tests.dll" executed="True" result="Failure" success="False" time="5.742" asserts="0">
        <results>
          <test-suite type="Namespace" name="Nop" executed="True" result="Failure" success="False" time="5.742" asserts="0">
            <results>
              <test-suite type="Namespace" name="Data" executed="True" result="Failure" success="False" time="5.742" asserts="0">
                <results>
                  <test-suite type="Namespace" name="Tests" executed="True" result="Failure" success="False" time="5.741" asserts="0">
                    <results>
                      <test-suite type="Namespace" name="Affiliates" executed="True" result="Failure" success="False" time="2.234" asserts="0">
                        <results>
                          <test-suite type="TestFixture" name="AffiliatePersistenceTests" executed="True" result="Failure" success="False" time="2.233" asserts="0">
                            <results>
                              <test-case name="Nop.Data.Tests.Affiliates.AffiliatePersistenceTests.Can_save_and_load_affiliate" executed="True" result="Error" success="False" time="2.225" asserts="0">
                                <failure>
                                  <message><![CDATA[SetUp : System.InvalidOperationException : No Entity Framework provider found for the ADO.NET provider with invariant name 'System.Data.SqlServerCe.4.0'. Make sure the provider is registered in the 'entityFramework' section of the application config file. See http://go.microsoft.com/fwlink/?LinkId=260882 for more information.]]></message>
                                  <stack-trace><![CDATA[at System.Data.Entity.Infrastructure.DependencyResolution.DefaultProviderServicesResolver.GetService(Type type, Object key)
at System.Data.Entity.Infrastructure.DependencyResolution.CachingDependencyResolver.<>c__DisplayClass1.<GetService>b__0(Tuple`2 k)
at System.Collections.Concurrent.ConcurrentDictionary`2.GetOrAdd(TKey key, Func`2 valueFactory)
at System.Data.Entity.Infrastructure.DependencyResolution.CachingDependencyResolver.GetService(Type type, Object key)
at System.Data.Entity.Infrastructure.DependencyResolution.ResolverChain.<>c__DisplayClass3.<GetService>b__0(IDbDependencyResolver r)
at System.Linq.Enumerable.WhereSelectArrayIterator`2.MoveNext()
at System.Linq.Enumerable.FirstOrDefault[TSource](IEnumerable`1 source, Func`2 predicate)
at System.Data.Entity.Infrastructure.DependencyResolution.ResolverChain.GetService(Type type, Object key)
at System.Data.Entity.Infrastructure.DependencyResolution.RootDependencyResolver.GetService(Type type, Object key)
at System.Data.Entity.Infrastructure.DependencyResolution.ResolverChain.<>c__DisplayClass3.<GetService>b__0(IDbDependencyResolver r)
at System.Linq.Enumerable.WhereSelectArrayIterator`2.MoveNext()
at System.Linq.Enumerable.FirstOrDefault[TSource](IEnumerable`1 source, Func`2 predicate)
at System.Data.Entity.Infrastructure.DependencyResolution.ResolverChain.GetService(Type type, Object key)
at System.Data.Entity.Infrastructure.DependencyResolution.CompositeResolver`2.GetService(Type type, Object key)
at System.Data.Entity.Infrastructure.DependencyResolution.DbDependencyResolverExtensions.GetService[T](IDbDependencyResolver resolver, Object key)
at System.Data.Entity.Utilities.DbProviderFactoryExtensions.GetProviderServices(DbProviderFactory factory)
at System.Data.Entity.Infrastructure.DefaultManifestTokenResolver.<>c__DisplayClass1.<ResolveManifestToken>b__0(Tuple`3 k)
at System.Collections.Concurrent.ConcurrentDictionary`2.GetOrAdd(TKey key, Func`2 valueFactory)
at System.Data.Entity.Infrastructure.DefaultManifestTokenResolver.ResolveManifestToken(DbConnection connection)
at System.Data.Entity.Utilities.DbConnectionExtensions.GetProviderInfo(DbConnection connection, DbProviderManifest& providerManifest)
at System.Data.Entity.DbModelBuilder.Build(DbConnection providerConnection)
at System.Data.Entity.Internal.LazyInternalContext.CreateModel(LazyInternalContext internalContext)
at System.Data.Entity.Internal.RetryLazy`2.GetValue(TInput input)
at System.Data.Entity.Internal.LazyInternalContext.InitializeContext()
at System.Data.Entity.Internal.InternalContext.CreateObjectContextForDdlOps()
at System.Data.Entity.Database.Create(DatabaseExistenceState existenceState)
at System.Data.Entity.Database.Create()
at Nop.Data.Tests.PersistenceTest.SetUp() in C:\Users\yowko151215\Source\Repos\jenkins-labs-1\Tests\Nop.Data.Tests\PersistenceTest.cs:line 21
]]></stack-trace>
                                </failure>
                              </test-case>
                            </results>
                          </test-suite>
                        </results>
                      </test-suite>
                      <test-suite type="Namespace" name="Blogs" executed="True" result="Failure" success="False" time="0.064" asserts="0">
                        <results>
                          <test-suite type="TestFixture" name="BlogPostPersistenceTests" executed="True" result="Failure" success="False" time="0.064" asserts="0">
                            <results>
                              <test-case name="Nop.Data.Tests.Blogs.BlogPostPersistenceTests.Can_save_and_load_blogPost" executed="True" result="Error" success="False" time="0.036" asserts="0">
                                <failure>
                                  <message><![CDATA[SetUp : System.InvalidOperationException : No Entity Framework provider found for the ADO.NET provider with invariant name 'System.Data.SqlServerCe.4.0'. Make sure the provider is registered in the 'entityFramework' section of the application config file. See http://go.microsoft.com/fwlink/?LinkId=260882 for more information.]]></message>
                                  <stack-trace><![CDATA[at System.Data.Entity.Infrastructure.DependencyResolution.DefaultProviderServicesResolver.GetService(Type type, Object key)
at System.Data.Entity.Infrastructure.DependencyResolution.CachingDependencyResolver.<>c__DisplayClass1.<GetService>b__0(Tuple`2 k)
at System.Collections.Concurrent.ConcurrentDictionary`2.GetOrAdd(TKey key, Func`2 valueFactory)
at System.Data.Entity.Infrastructure.DependencyResolution.CachingDependencyResolver.GetService(Type type, Object key)
at System.Data.Entity.Infrastructure.DependencyResolution.ResolverChain.<>c__DisplayClass3.<GetService>b__0(IDbDependencyResolver r)
at System.Linq.Enumerable.WhereSelectArrayIterator`2.MoveNext()
at System.Linq.Enumerable.FirstOrDefault[TSource](IEnumerable`1 source, Func`2 predicate)
at System.Data.Entity.Infrastructure.DependencyResolution.ResolverChain.GetService(Type type, Object key)
at System.Data.Entity.Infrastructure.DependencyResolution.RootDependencyResolver.GetService(Type type, Object key)
at System.Data.Entity.Infrastructure.DependencyResolution.ResolverChain.<>c__DisplayClass3.<GetService>b__0(IDbDependencyResolver r)
at System.Linq.Enumerable.WhereSelectArrayIterator`2.MoveNext()
at System.Linq.Enumerable.FirstOrDefault[TSource](IEnumerable`1 source, Func`2 predicate)
at System.Data.Entity.Infrastructure.DependencyResolution.ResolverChain.GetService(Type type, Object key)
at System.Data.Entity.Infrastructure.DependencyResolution.CompositeResolver`2.GetService(Type type, Object key)
at System.Data.Entity.Infrastructure.DependencyResolution.DbDependencyResolverExtensions.GetService[T](IDbDependencyResolver resolver, Object key)
at System.Data.Entity.Utilities.DbProviderFactoryExtensions.GetProviderServices(DbProviderFactory factory)
at System.Data.Entity.Infrastructure.DefaultManifestTokenResolver.<>c__DisplayClass1.<ResolveManifestToken>b__0(Tuple`3 k)
at System.Collections.Concurrent.ConcurrentDictionary`2.GetOrAdd(TKey key, Func`2 valueFactory)
at System.Data.Entity.Infrastructure.DefaultManifestTokenResolver.ResolveManifestToken(DbConnection connection)
at System.Data.Entity.Utilities.DbConnectionExtensions.GetProviderInfo(DbConnection connection, DbProviderManifest& providerManifest)
at System.Data.Entity.DbModelBuilder.Build(DbConnection providerConnection)
at System.Data.Entity.Internal.LazyInternalContext.CreateModel(LazyInternalContext internalContext)
at System.Data.Entity.Internal.RetryLazy`2.GetValue(TInput input)
at System.Data.Entity.Internal.LazyInternalContext.InitializeContext()
at System.Data.Entity.Internal.InternalContext.CreateObjectContextForDdlOps()
at System.Data.Entity.Database.Create(DatabaseExistenceState existenceState)
at System.Data.Entity.Database.Create()
at Nop.Data.Tests.PersistenceTest.SetUp() in C:\Users\yowko151215\Source\Repos\jenkins-labs-1\Tests\Nop.Data.Tests\PersistenceTest.cs:line 21
]]></stack-trace>
                                </failure>
                              </test-case>
                              <test-case name="Nop.Data.Tests.Blogs.BlogPostPersistenceTests.Can_save_and_load_blogPost_with_blogComments" executed="True" result="Error" success="False" time="0.014" asserts="0">
                                <failure>
                                  <message><![CDATA[SetUp : System.InvalidOperationException : No Entity Framework provider found for the ADO.NET provider with invariant name 'System.Data.SqlServerCe.4.0'. Make sure the provider is registered in the 'entityFramework' section of the application config file. See http://go.microsoft.com/fwlink/?LinkId=260882 for more information.]]></message>
                                  <stack-trace><![CDATA[at System.Data.Entity.Infrastructure.DependencyResolution.DefaultProviderServicesResolver.GetService(Type type, Object key)
at System.Data.Entity.Infrastructure.DependencyResolution.CachingDependencyResolver.<>c__DisplayClass1.<GetService>b__0(Tuple`2 k)
at System.Collections.Concurrent.ConcurrentDictionary`2.GetOrAdd(TKey key, Func`2 valueFactory)
at System.Data.Entity.Infrastructure.DependencyResolution.CachingDependencyResolver.GetService(Type type, Object key)
at System.Data.Entity.Infrastructure.DependencyResolution.ResolverChain.<>c__DisplayClass3.<GetService>b__0(IDbDependencyResolver r)
at System.Linq.Enumerable.WhereSelectArrayIterator`2.MoveNext()
at System.Linq.Enumerable.FirstOrDefault[TSource](IEnumerable`1 source, Func`2 predicate)
at System.Data.Entity.Infrastructure.DependencyResolution.ResolverChain.GetService(Type type, Object key)
at System.Data.Entity.Infrastructure.DependencyResolution.RootDependencyResolver.GetService(Type type, Object key)
at System.Data.Entity.Infrastructure.DependencyResolution.ResolverChain.<>c__DisplayClass3.<GetService>b__0(IDbDependencyResolver r)
at System.Linq.Enumerable.WhereSelectArrayIterator`2.MoveNext()
at System.Linq.Enumerable.FirstOrDefault[TSource](IEnumerable`1 source, Func`2 predicate)
at System.Data.Entity.Infrastructure.DependencyResolution.ResolverChain.GetService(Type type, Object key)
at System.Data.Entity.Infrastructure.DependencyResolution.CompositeResolver`2.GetService(Type type, Object key)
at System.Data.Entity.Infrastructure.DependencyResolution.DbDependencyResolverExtensions.GetService[T](IDbDependencyResolver resolver, Object key)
at System.Data.Entity.Utilities.DbProviderFactoryExtensions.GetProviderServices(DbProviderFactory factory)
at System.Data.Entity.Infrastructure.DefaultManifestTokenResolver.<>c__DisplayClass1.<ResolveManifestToken>b__0(Tuple`3 k)
at System.Collections.Concurrent.ConcurrentDictionary`2.GetOrAdd(TKey key, Func`2 valueFactory)
at System.Data.Entity.Infrastructure.DefaultManifestTokenResolver.ResolveManifestToken(DbConnection connection)
at System.Data.Entity.Utilities.DbConnectionExtensions.GetProviderInfo(DbConnection connection, DbProviderManifest& providerManifest)
at System.Data.Entity.DbModelBuilder.Build(DbConnection providerConnection)
at System.Data.Entity.Internal.LazyInternalContext.CreateModel(LazyInternalContext internalContext)
at System.Data.Entity.Internal.RetryLazy`2.GetValue(TInput input)
at System.Data.Entity.Internal.LazyInternalContext.InitializeContext()
at System.Data.Entity.Internal.InternalContext.CreateObjectContextForDdlOps()
at System.Data.Entity.Database.Create(DatabaseExistenceState existenceState)
at System.Data.Entity.Database.Create()
at Nop.Data.Tests.PersistenceTest.SetUp() in C:\Users\yowko151215\Source\Repos\jenkins-labs-1\Tests\Nop.Data.Tests\PersistenceTest.cs:line 21
]]></stack-trace>
                                </failure>
                              </test-case>
                            </results>
                          </test-suite>
                        </results>
                      </test-suite>
                      <test-suite type="Namespace" name="Catalog" executed="True" result="Failure" success="False" time="0.702" asserts="0">
                        <results>
                          <test-suite type="TestFixture" name="BackInStockSubscriptionPersistenceTests" executed="True" result="Failure" success="False" time="0.013" asserts="0">
                            <results>
                              <test-case name="Nop.Data.Tests.Catalog.BackInStockSubscriptionPersistenceTests.Can_save_and_load_backInStockSubscription" executed="True" result="Error" success="False" time="0.012" asserts="0">
                                <failure>
                                  <message><![CDATA[SetUp : System.InvalidOperationException : No Entity Framework provider found for the ADO.NET provider with invariant name 'System.Data.SqlServerCe.4.0'. Make sure the provider is registered in the 'entityFramework' section of the application config file. See http://go.microsoft.com/fwlink/?LinkId=260882 for more information.]]></message>
                                  <stack-trace><![CDATA[at System.Data.Entity.Infrastructure.DependencyResolution.DefaultProviderServicesResolver.GetService(Type type, Object key)
at System.Data.Entity.Infrastructure.DependencyResolution.CachingDependencyResolver.<>c__DisplayClass1.<GetService>b__0(Tuple`2 k)
at System.Collections.Concurrent.ConcurrentDictionary`2.GetOrAdd(TKey key, Func`2 valueFactory)
at System.Data.Entity.Infrastructure.DependencyResolution.CachingDependencyResolver.GetService(Type type, Object key)
at System.Data.Entity.Infrastructure.DependencyResolution.ResolverChain.<>c__DisplayClass3.<GetService>b__0(IDbDependencyResolver r)
at System.Linq.Enumerable.WhereSelectArrayIterator`2.MoveNext()
at System.Linq.Enumerable.FirstOrDefault[TSource](IEnumerable`1 source, Func`2 predicate)
at System.Data.Entity.Infrastructure.DependencyResolution.ResolverChain.GetService(Type type, Object key)
at System.Data.Entity.Infrastructure.DependencyResolution.RootDependencyResolver.GetService(Type type, Object key)
at System.Data.Entity.Infrastructure.DependencyResolution.ResolverChain.<>c__DisplayClass3.<GetService>b__0(IDbDependencyResolver r)
at System.Linq.Enumerable.WhereSelectArrayIterator`2.MoveNext()
at System.Linq.Enumerable.FirstOrDefault[TSource](IEnumerable`1 source, Func`2 predicate)
at System.Data.Entity.Infrastructure.DependencyResolution.ResolverChain.GetService(Type type, Object key)
at System.Data.Entity.Infrastructure.DependencyResolution.CompositeResolver`2.GetService(Type type, Object key)
at System.Data.Entity.Infrastructure.DependencyResolution.DbDependencyResolverExtensions.GetService[T](IDbDependencyResolver resolver, Object key)
at System.Data.Entity.Utilities.DbProviderFactoryExtensions.GetProviderServices(DbProviderFactory factory)
at System.Data.Entity.Infrastructure.DefaultManifestTokenResolver.<>c__DisplayClass1.<ResolveManifestToken>b__0(Tuple`3 k)
at System.Collections.Concurrent.ConcurrentDictionary`2.GetOrAdd(TKey key, Func`2 valueFactory)
at System.Data.Entity.Infrastructure.DefaultManifestTokenResolver.ResolveManifestToken(DbConnection connection)
at System.Data.Entity.Utilities.DbConnectionExtensions.GetProviderInfo(DbConnection connection, DbProviderManifest& providerManifest)
at System.Data.Entity.DbModelBuilder.Build(DbConnection providerConnection)
at System.Data.Entity.Internal.LazyInternalContext.CreateModel(LazyInternalContext internalContext)
at System.Data.Entity.Internal.RetryLazy`2.GetValue(TInput input)
at System.Data.Entity.Internal.LazyInternalContext.InitializeContext()
at System.Data.Entity.Internal.InternalContext.CreateObjectContextForDdlOps()
at System.Data.Entity.Database.Create(DatabaseExistenceState existenceState)
at System.Data.Entity.Database.Create()
at Nop.Data.Tests.PersistenceTest.SetUp() in C:\Users\yowko151215\Source\Repos\jenkins-labs-1\Tests\Nop.Data.Tests\PersistenceTest.cs:line 21
]]></stack-trace>
                                </failure>
                              </test-case>
                            </results>
                          </test-suite>
                          <test-suite type="TestFixture" name="CategoryPersistenceTests" executed="True" result="Failure" success="False" time="0.020" asserts="0">
                            <results>
                              <test-case name="Nop.Data.Tests.Catalog.CategoryPersistenceTests.Can_save_and_load_category" executed="True" result="Error" success="False" time="0.019" asserts="0">
                                <failure>
                                  <message><![CDATA[SetUp : System.InvalidOperationException : No Entity Framework provider found for the ADO.NET provider with invariant name 'System.Data.SqlServerCe.4.0'. Make sure the provider is registered in the 'entityFramework' section of the application config file. See http://go.microsoft.com/fwlink/?LinkId=260882 for more information.]]></message>
                                  <stack-trace><![CDATA[at System.Data.Entity.Infrastructure.DependencyResolution.DefaultProviderServicesResolver.GetService(Type type, Object key)
at System.Data.Entity.Infrastructure.DependencyResolution.CachingDependencyResolver.<>c__DisplayClass1.<GetService>b__0(Tuple`2 k)
at System.Collections.Concurrent.ConcurrentDictionary`2.GetOrAdd(TKey key, Func`2 valueFactory)
at System.Data.Entity.Infrastructure.DependencyResolution.CachingDependencyResolver.GetService(Type type, Object key)
at System.Data.Entity.Infrastructure.DependencyResolution.ResolverChain.<>c__DisplayClass3.<GetService>b__0(IDbDependencyResolver r)
at System.Linq.Enumerable.WhereSelectArrayIterator`2.MoveNext()
at System.Linq.Enumerable.FirstOrDefault[TSource](IEnumerable`1 source, Func`2 predicate)
at System.Data.Entity.Infrastructure.DependencyResolution.ResolverChain.GetService(Type type, Object key)
at System.Data.Entity.Infrastructure.DependencyResolution.RootDependencyResolver.GetService(Type type, Object key)
at System.Data.Entity.Infrastructure.DependencyResolution.ResolverChain.<>c__DisplayClass3.<GetService>b__0(IDbDependencyResolver r)
at System.Linq.Enumerable.WhereSelectArrayIterator`2.MoveNext()
at System.Linq.Enumerable.FirstOrDefault[TSource](IEnumerable`1 source, Func`2 predicate)
at System.Data.Entity.Infrastructure.DependencyResolution.ResolverChain.GetService(Type type, Object key)
at System.Data.Entity.Infrastructure.DependencyResolution.CompositeResolver`2.GetService(Type type, Object key)
at System.Data.Entity.Infrastructure.DependencyResolution.DbDependencyResolverExtensions.GetService[T](IDbDependencyResolver resolver, Object key)
at System.Data.Entity.Utilities.DbProviderFactoryExtensions.GetProviderServices(DbProviderFactory factory)
at System.Data.Entity.Infrastructure.DefaultManifestTokenResolver.<>c__DisplayClass1.<ResolveManifestToken>b__0(Tuple`3 k)
at System.Collections.Concurrent.ConcurrentDictionary`2.GetOrAdd(TKey key, Func`2 valueFactory)
at System.Data.Entity.Infrastructure.DefaultManifestTokenResolver.ResolveManifestToken(DbConnection connection)
at System.Data.Entity.Utilities.DbConnectionExtensions.GetProviderInfo(DbConnection connection, DbProviderManifest& providerManifest)
at System.Data.Entity.DbModelBuilder.Build(DbConnection providerConnection)
at System.Data.Entity.Internal.LazyInternalContext.CreateModel(LazyInternalContext internalContext)
at System.Data.Entity.Internal.RetryLazy`2.GetValue(TInput input)
at System.Data.Entity.Internal.LazyInternalContext.InitializeContext()
at System.Data.Entity.Internal.InternalContext.CreateObjectContextForDdlOps()
at System.Data.Entity.Database.Create(DatabaseExistenceState existenceState)
at System.Data.Entity.Database.Create()
at Nop.Data.Tests.PersistenceTest.SetUp() in C:\Users\yowko151215\Source\Repos\jenkins-labs-1\Tests\Nop.Data.Tests\PersistenceTest.cs:line 21
]]></stack-trace>
                                </failure>
                              </test-case>
                            </results>
                          </test-suite>
                          <test-suite type="TestFixture" name="CategoryTemplatePersistenceTests" executed="True" result="Failure" success="False" time="0.017" asserts="0">
                            <results>
                              <test-case name="Nop.Data.Tests.Catalog.CategoryTemplatePersistenceTests.Can_save_and_load_categoryTemplate" executed="True" result="Error" success="False" time="0.016" asserts="0">
                                <failure>
                                  <message><![CDATA[SetUp : System.InvalidOperationException : No Entity Framework provider found for the ADO.NET provider with invariant name 'System.Data.SqlServerCe.4.0'. Make sure the provider is registered in the 'entityFramework' section of the application config file. See http://go.microsoft.com/fwlink/?LinkId=260882 for more information.]]></message>
                                  <stack-trace><![CDATA[at System.Data.Entity.Infrastructure.DependencyResolution.DefaultProviderServicesResolver.GetService(Type type, Object key)
at System.Data.Entity.Infrastructure.DependencyResolution.CachingDependencyResolver.<>c__DisplayClass1.<GetService>b__0(Tuple`2 k)
at System.Collections.Concurrent.ConcurrentDictionary`2.GetOrAdd(TKey key, Func`2 valueFactory)
at System.Data.Entity.Infrastructure.DependencyResolution.CachingDependencyResolver.GetService(Type type, Object key)
at System.Data.Entity.Infrastructure.DependencyResolution.ResolverChain.<>c__DisplayClass3.<GetService>b__0(IDbDependencyResolver r)
at System.Linq.Enumerable.WhereSelectArrayIterator`2.MoveNext()
at System.Linq.Enumerable.FirstOrDefault[TSource](IEnumerable`1 source, Func`2 predicate)
at System.Data.Entity.Infrastructure.DependencyResolution.ResolverChain.GetService(Type type, Object key)
at System.Data.Entity.Infrastructure.DependencyResolution.RootDependencyResolver.GetService(Type type, Object key)
at System.Data.Entity.Infrastructure.DependencyResolution.ResolverChain.<>c__DisplayClass3.<GetService>b__0(IDbDependencyResolver r)
at System.Linq.Enumerable.WhereSelectArrayIterator`2.MoveNext()
at System.Linq.Enumerable.FirstOrDefault[TSource](IEnumerable`1 source, Func`2 predicate)
at System.Data.Entity.Infrastructure.DependencyResolution.ResolverChain.GetService(Type type, Object key)
at System.Data.Entity.Infrastructure.DependencyResolution.CompositeResolver`2.GetService(Type type, Object key)
at System.Data.Entity.Infrastructure.DependencyResolution.DbDependencyResolverExtensions.GetService[T](IDbDependencyResolver resolver, Object key)
at System.Data.Entity.Utilities.DbProviderFactoryExtensions.GetProviderServices(DbProviderFactory factory)
at System.Data.Entity.Infrastructure.DefaultManifestTokenResolver.<>c__DisplayClass1.<ResolveManifestToken>b__0(Tuple`3 k)
at System.Collections.Concurrent.ConcurrentDictionary`2.GetOrAdd(TKey key, Func`2 valueFactory)
at System.Data.Entity.Infrastructure.DefaultManifestTokenResolver.ResolveManifestToken(DbConnection connection)
at System.Data.Entity.Utilities.DbConnectionExtensions.GetProviderInfo(DbConnection connection, DbProviderManifest& providerManifest)
at System.Data.Entity.DbModelBuilder.Build(DbConnection providerConnection)
at System.Data.Entity.Internal.LazyInternalContext.CreateModel(LazyInternalContext internalContext)
at System.Data.Entity.Internal.RetryLazy`2.GetValue(TInput input)
at System.Data.Entity.Internal.LazyInternalContext.InitializeContext()
at System.Data.Entity.Internal.InternalContext.CreateObjectContextForDdlOps()
at System.Data.Entity.Database.Create(DatabaseExistenceState existenceState)
at System.Data.Entity.Database.Create()
at Nop.Data.Tests.PersistenceTest.SetUp() in C:\Users\yowko151215\Source\Repos\jenkins-labs-1\Tests\Nop.Data.Tests\PersistenceTest.cs:line 21
]]></stack-trace>
                                </failure>
                              </test-case>
                            </results>
                          </test-suite>
                          <test-suite type="TestFixture" name="ManufacturerPersistenceTests" executed="True" result="Failure" success="False" time="0.013" asserts="0">
                            <results>
                              <test-case name="Nop.Data.Tests.Catalog.ManufacturerPersistenceTests.Can_save_and_load_manufacturer" executed="True" result="Error" success="False" time="0.013" asserts="0">
                                <failure>
                                  <message><![CDATA[SetUp : System.InvalidOperationException : No Entity Framework provider found for the ADO.NET provider with invariant name 'System.Data.SqlServerCe.4.0'. Make sure the provider is registered in the 'entityFramework' section of the application config file. See http://go.microsoft.com/fwlink/?LinkId=260882 for more information.]]></message>
                                  <stack-trace><![CDATA[at System.Data.Entity.Infrastructure.DependencyResolution.DefaultProviderServicesResolver.GetService(Type type, Object key)
at System.Data.Entity.Infrastructure.DependencyResolution.CachingDependencyResolver.<>c__DisplayClass1.<GetService>b__0(Tuple`2 k)
at System.Collections.Concurrent.ConcurrentDictionary`2.GetOrAdd(TKey key, Func`2 valueFactory)
at System.Data.Entity.Infrastructure.DependencyResolution.CachingDependencyResolver.GetService(Type type, Object key)
at System.Data.Entity.Infrastructure.DependencyResolution.ResolverChain.<>c__DisplayClass3.<GetService>b__0(IDbDependencyResolver r)
at System.Linq.Enumerable.WhereSelectArrayIterator`2.MoveNext()
at System.Linq.Enumerable.FirstOrDefault[TSource](IEnumerable`1 source, Func`2 predicate)
at System.Data.Entity.Infrastructure.DependencyResolution.ResolverChain.GetService(Type type, Object key)
at System.Data.Entity.Infrastructure.DependencyResolution.RootDependencyResolver.GetService(Type type, Object key)
at System.Data.Entity.Infrastructure.DependencyResolution.ResolverChain.<>c__DisplayClass3.<GetService>b__0(IDbDependencyResolver r)
at System.Linq.Enumerable.WhereSelectArrayIterator`2.MoveNext()
at System.Linq.Enumerable.FirstOrDefault[TSource](IEnumerable`1 source, Func`2 predicate)
at System.Data.Entity.Infrastructure.DependencyResolution.ResolverChain.GetService(Type type, Object key)
at System.Data.Entity.Infrastructure.DependencyResolution.CompositeResolver`2.GetService(Type type, Object key)
at System.Data.Entity.Infrastructure.DependencyResolution.DbDependencyResolverExtensions.GetService[T](IDbDependencyResolver resolver, Object key)
at System.Data.Entity.Utilities.DbProviderFactoryExtensions.GetProviderServices(DbProviderFactory factory)
at System.Data.Entity.Infrastructure.DefaultManifestTokenResolver.<>c__DisplayClass1.<ResolveManifestToken>b__0(Tuple`3 k)
at System.Collections.Concurrent.ConcurrentDictionary`2.GetOrAdd(TKey key, Func`2 valueFactory)
at System.Data.Entity.Infrastructure.DefaultManifestTokenResolver.ResolveManifestToken(DbConnection connection)
at System.Data.Entity.Utilities.DbConnectionExtensions.GetProviderInfo(DbConnection connection, DbProviderManifest& providerManifest)
at System.Data.Entity.DbModelBuilder.Build(DbConnection providerConnection)
at System.Data.Entity.Internal.LazyInternalContext.CreateModel(LazyInternalContext internalContext)
at System.Data.Entity.Internal.RetryLazy`2.GetValue(TInput input)
at System.Data.Entity.Internal.LazyInternalContext.InitializeContext()
at System.Data.Entity.Internal.InternalContext.CreateObjectContextForDdlOps()
at System.Data.Entity.Database.Create(DatabaseExistenceState existenceState)
at System.Data.Entity.Database.Create()
at Nop.Data.Tests.PersistenceTest.SetUp() in C:\Users\yowko151215\Source\Repos\jenkins-labs-1\Tests\Nop.Data.Tests\PersistenceTest.cs:line 21
]]></stack-trace>
                                </failure>
                              </test-case>
                            </results>
                          </test-suite>
                          <test-suite type="TestFixture" name="ManufacturerTemplatePersistenceTests" executed="True" result="Failure" success="False" time="0.013" asserts="0">
                            <results>
                              <test-case name="Nop.Data.Tests.Catalog.ManufacturerTemplatePersistenceTests.Can_save_and_load_manufacturerTemplate" executed="True" result="Error" success="False" time="0.012" asserts="0">
                                <failure>
                                  <message><![CDATA[SetUp : System.InvalidOperationException : No Entity Framework provider found for the ADO.NET provider with invariant name 'System.Data.SqlServerCe.4.0'. Make sure the provider is registered in the 'entityFramework' section of the application config file. See http://go.microsoft.com/fwlink/?LinkId=260882 for more information.]]></message>
                                  <stack-trace><![CDATA[at System.Data.Entity.Infrastructure.DependencyResolution.DefaultProviderServicesResolver.GetService(Type type, Object key)
at System.Data.Entity.Infrastructure.DependencyResolution.CachingDependencyResolver.<>c__DisplayClass1.<GetService>b__0(Tuple`2 k)
at System.Collections.Concurrent.ConcurrentDictionary`2.GetOrAdd(TKey key, Func`2 valueFactory)
at System.Data.Entity.Infrastructure.DependencyResolution.CachingDependencyResolver.GetService(Type type, Object key)
at System.Data.Entity.Infrastructure.DependencyResolution.ResolverChain.<>c__DisplayClass3.<GetService>b__0(IDbDependencyResolver r)
at System.Linq.Enumerable.WhereSelectArrayIterator`2.MoveNext()
at System.Linq.Enumerable.FirstOrDefault[TSource](IEnumerable`1 source, Func`2 predicate)
at System.Data.Entity.Infrastructure.DependencyResolution.ResolverChain.GetService(Type type, Object key)
at System.Data.Entity.Infrastructure.DependencyResolution.RootDependencyResolver.GetService(Type type, Object key)
at System.Data.Entity.Infrastructure.DependencyResolution.ResolverChain.<>c__DisplayClass3.<GetService>b__0(IDbDependencyResolver r)
at System.Linq.Enumerable.WhereSelectArrayIterator`2.MoveNext()
at System.Linq.Enumerable.FirstOrDefault[TSource](IEnumerable`1 source, Func`2 predicate)
at System.Data.Entity.Infrastructure.DependencyResolution.ResolverChain.GetService(Type type, Object key)
at System.Data.Entity.Infrastructure.DependencyResolution.CompositeResolver`2.GetService(Type type, Object key)
at System.Data.Entity.Infrastructure.DependencyResolution.DbDependencyResolverExtensions.GetService[T](IDbDependencyResolver resolver, Object key)
at System.Data.Entity.Utilities.DbProviderFactoryExtensions.GetProviderServices(DbProviderFactory factory)
at System.Data.Entity.Infrastructure.DefaultManifestTokenResolver.<>c__DisplayClass1.<ResolveManifestToken>b__0(Tuple`3 k)
at System.Collections.Concurrent.ConcurrentDictionary`2.GetOrAdd(TKey key, Func`2 valueFactory)
at System.Data.Entity.Infrastructure.DefaultManifestTokenResolver.ResolveManifestToken(DbConnection connection)
at System.Data.Entity.Utilities.DbConnectionExtensions.GetProviderInfo(DbConnection connection, DbProviderManifest& providerManifest)
at System.Data.Entity.DbModelBuilder.Build(DbConnection providerConnection)
at System.Data.Entity.Internal.LazyInternalContext.CreateModel(LazyInternalContext internalContext)
at System.Data.Entity.Internal.RetryLazy`2.GetValue(TInput input)
at System.Data.Entity.Internal.LazyInternalContext.InitializeContext()
at System.Data.Entity.Internal.InternalContext.CreateObjectContextForDdlOps()
at System.Data.Entity.Database.Create(DatabaseExistenceState existenceState)
at System.Data.Entity.Database.Create()
at Nop.Data.Tests.PersistenceTest.SetUp() in C:\Users\yowko151215\Source\Repos\jenkins-labs-1\Tests\Nop.Data.Tests\PersistenceTest.cs:line 21
]]></stack-trace>
                                </failure>
                              </test-case>
                            </results>
                          </test-suite>
                          <test-suite type="TestFixture" name="PredefinedProductAttributeValuePersistenceTests" executed="True" result="Failure" success="False" time="0.024" asserts="0">
                            <results>
                              <test-case name="Nop.Data.Tests.Catalog.PredefinedProductAttributeValuePersistenceTests.Can_save_and_load_predefinedProductAttributeValue" executed="True" result="Error" success="False" time="0.023" asserts="0">
                                <failure>
                                  <message><![CDATA[SetUp : System.InvalidOperationException : No Entity Framework provider found for the ADO.NET provider with invariant name 'System.Data.SqlServerCe.4.0'. Make sure the provider is registered in the 'entityFramework' section of the application config file. See http://go.microsoft.com/fwlink/?LinkId=260882 for more information.]]></message>
                                  <stack-trace><![CDATA[at System.Data.Entity.Infrastructure.DependencyResolution.DefaultProviderServicesResolver.GetService(Type type, Object key)
at System.Data.Entity.Infrastructure.DependencyResolution.CachingDependencyResolver.<>c__DisplayClass1.<GetService>b__0(Tuple`2 k)
at System.Collections.Concurrent.ConcurrentDictionary`2.GetOrAdd(TKey key, Func`2 valueFactory)
at System.Data.Entity.Infrastructure.DependencyResolution.CachingDependencyResolver.GetService(Type type, Object key)
at System.Data.Entity.Infrastructure.DependencyResolution.ResolverChain.<>c__DisplayClass3.<GetService>b__0(IDbDependencyResolver r)
at System.Linq.Enumerable.WhereSelectArrayIterator`2.MoveNext()
at System.Linq.Enumerable.FirstOrDefault[TSource](IEnumerable`1 source, Func`2 predicate)
at System.Data.Entity.Infrastructure.DependencyResolution.ResolverChain.GetService(Type type, Object key)
at System.Data.Entity.Infrastructure.DependencyResolution.RootDependencyResolver.GetService(Type type, Object key)
at System.Data.Entity.Infrastructure.DependencyResolution.ResolverChain.<>c__DisplayClass3.<GetService>b__0(IDbDependencyResolver r)
at System.Linq.Enumerable.WhereSelectArrayIterator`2.MoveNext()
at System.Linq.Enumerable.FirstOrDefault[TSource](IEnumerable`1 source, Func`2 predicate)
at System.Data.Entity.Infrastructure.DependencyResolution.ResolverChain.GetService(Type type, Object key)
at System.Data.Entity.Infrastructure.DependencyResolution.CompositeResolver`2.GetService(Type type, Object key)
at System.Data.Entity.Infrastructure.DependencyResolution.DbDependencyResolverExtensions.GetService[T](IDbDependencyResolver resolver, Object key)
at System.Data.Entity.Utilities.DbProviderFactoryExtensions.GetProviderServices(DbProviderFactory factory)
at System.Data.Entity.Infrastructure.DefaultManifestTokenResolver.<>c__DisplayClass1.<ResolveManifestToken>b__0(Tuple`3 k)
at System.Collections.Concurrent.ConcurrentDictionary`2.GetOrAdd(TKey key, Func`2 valueFactory)
at System.Data.Entity.Infrastructure.DefaultManifestTokenResolver.ResolveManifestToken(DbConnection connection)
at System.Data.Entity.Utilities.DbConnectionExtensions.GetProviderInfo(DbConnection connection, DbProviderManifest& providerManifest)
at System.Data.Entity.DbModelBuilder.Build(DbConnection providerConnection)
at System.Data.Entity.Internal.LazyInternalContext.CreateModel(LazyInternalContext internalContext)
at System.Data.Entity.Internal.RetryLazy`2.GetValue(TInput input)
at System.Data.Entity.Internal.LazyInternalContext.InitializeContext()
at System.Data.Entity.Internal.InternalContext.CreateObjectContextForDdlOps()
at System.Data.Entity.Database.Create(DatabaseExistenceState existenceState)
at System.Data.Entity.Database.Create()
at Nop.Data.Tests.PersistenceTest.SetUp() in C:\Users\yowko151215\Source\Repos\jenkins-labs-1\Tests\Nop.Data.Tests\PersistenceTest.cs:line 21
]]></stack-trace>
                                </failure>
                              </test-case>
                            </results>
                          </test-suite>
                          <test-suite type="TestFixture" name="ProductAttributeCombinationPersistenceTests" executed="True" result="Failure" success="False" time="0.020" asserts="0">
                            <results>
                              <test-case name="Nop.Data.Tests.Catalog.ProductAttributeCombinationPersistenceTests.Can_save_and_load_productAttributeCombination" executed="True" result="Error" success="False" time="0.019" asserts="0">
                                <failure>
                                  <message><![CDATA[SetUp : System.InvalidOperationException : No Entity Framework provider found for the ADO.NET provider with invariant name 'System.Data.SqlServerCe.4.0'. Make sure the provider is registered in the 'entityFramework' section of the application config file. See http://go.microsoft.com/fwlink/?LinkId=260882 for more information.]]></message>
                                  <stack-trace><![CDATA[at System.Data.Entity.Infrastructure.DependencyResolution.DefaultProviderServicesResolver.GetService(Type type, Object key)
at System.Data.Entity.Infrastructure.DependencyResolution.CachingDependencyResolver.<>c__DisplayClass1.<GetService>b__0(Tuple`2 k)
at System.Collections.Concurrent.ConcurrentDictionary`2.GetOrAdd(TKey key, Func`2 valueFactory)
at System.Data.Entity.Infrastructure.DependencyResolution.CachingDependencyResolver.GetService(Type type, Object key)
at System.Data.Entity.Infrastructure.DependencyResolution.ResolverChain.<>c__DisplayClass3.<GetService>b__0(IDbDependencyResolver r)
at System.Linq.Enumerable.WhereSelectArrayIterator`2.MoveNext()
at System.Linq.Enumerable.FirstOrDefault[TSource](IEnumerable`1 source, Func`2 predicate)
at System.Data.Entity.Infrastructure.DependencyResolution.ResolverChain.GetService(Type type, Object key)
at System.Data.Entity.Infrastructure.DependencyResolution.RootDependencyResolver.GetService(Type type, Object key)
at System.Data.Entity.Infrastructure.DependencyResolution.ResolverChain.<>c__DisplayClass3.<GetService>b__0(IDbDependencyResolver r)
at System.Linq.Enumerable.WhereSelectArrayIterator`2.MoveNext()
at System.Linq.Enumerable.FirstOrDefault[TSource](IEnumerable`1 source, Func`2 predicate)
at System.Data.Entity.Infrastructure.DependencyResolution.ResolverChain.GetService(Type type, Object key)
at System.Data.Entity.Infrastructure.DependencyResolution.CompositeResolver`2.GetService(Type type, Object key)
at System.Data.Entity.Infrastructure.DependencyResolution.DbDependencyResolverExtensions.GetService[T](IDbDependencyResolver resolver, Object key)
at System.Data.Entity.Utilities.DbProviderFactoryExtensions.GetProviderServices(DbProviderFactory factory)
at System.Data.Entity.Infrastructure.DefaultManifestTokenResolver.<>c__DisplayClass1.<ResolveManifestToken>b__0(Tuple`3 k)
at System.Collections.Concurrent.ConcurrentDictionary`2.GetOrAdd(TKey key, Func`2 valueFactory)
at System.Data.Entity.Infrastructure.DefaultManifestTokenResolver.ResolveManifestToken(DbConnection connection)
at System.Data.Entity.Utilities.DbConnectionExtensions.GetProviderInfo(DbConnection connection, DbProviderManifest& providerManifest)
at System.Data.Entity.DbModelBuilder.Build(DbConnection providerConnection)
at System.Data.Entity.Internal.LazyInternalContext.CreateModel(LazyInternalContext internalContext)
at System.Data.Entity.Internal.RetryLazy`2.GetValue(TInput input)
at System.Data.Entity.Internal.LazyInternalContext.InitializeContext()
at System.Data.Entity.Internal.InternalContext.CreateObjectContextForDdlOps()
at System.Data.Entity.Database.Create(DatabaseExistenceState existenceState)
at System.Data.Entity.Database.Create()
at Nop.Data.Tests.PersistenceTest.SetUp() in C:\Users\yowko151215\Source\Repos\jenkins-labs-1\Tests\Nop.Data.Tests\PersistenceTest.cs:line 21
]]></stack-trace>
                                </failure>
                              </test-case>
                            </results>
                          </test-suite>
                          <test-suite type="TestFixture" name="ProductAttributeMappingPersistenceTests" executed="True" result="Failure" success="False" time="0.016" asserts="0">
                            <results>
                              <test-case name="Nop.Data.Tests.Catalog.ProductAttributeMappingPersistenceTests.Can_save_and_load_productAttributeMapping" executed="True" result="Error" success="False" time="0.015" asserts="0">
                                <failure>
                                  <message><![CDATA[SetUp : System.InvalidOperationException : No Entity Framework provider found for the ADO.NET provider with invariant name 'System.Data.SqlServerCe.4.0'. Make sure the provider is registered in the 'entityFramework' section of the application config file. See http://go.microsoft.com/fwlink/?LinkId=260882 for more information.]]></message>
                                  <stack-trace><![CDATA[at System.Data.Entity.Infrastructure.DependencyResolution.DefaultProviderServicesResolver.GetService(Type type, Object key)
at System.Data.Entity.Infrastructure.DependencyResolution.CachingDependencyResolver.<>c__DisplayClass1.<GetService>b__0(Tuple`2 k)
at System.Collections.Concurrent.ConcurrentDictionary`2.GetOrAdd(TKey key, Func`2 valueFactory)
at System.Data.Entity.Infrastructure.DependencyResolution.CachingDependencyResolver.GetService(Type type, Object key)
at System.Data.Entity.Infrastructure.DependencyResolution.ResolverChain.<>c__DisplayClass3.<GetService>b__0(IDbDependencyResolver r)
at System.Linq.Enumerable.WhereSelectArrayIterator`2.MoveNext()
at System.Linq.Enumerable.FirstOrDefault[TSource](IEnumerable`1 source, Func`2 predicate)
at System.Data.Entity.Infrastructure.DependencyResolution.ResolverChain.GetService(Type type, Object key)
at System.Data.Entity.Infrastructure.DependencyResolution.RootDependencyResolver.GetService(Type type, Object key)
at System.Data.Entity.Infrastructure.DependencyResolution.ResolverChain.<>c__DisplayClass3.<GetService>b__0(IDbDependencyResolver r)
at System.Linq.Enumerable.WhereSelectArrayIterator`2.MoveNext()
at System.Linq.Enumerable.FirstOrDefault[TSource](IEnumerable`1 source, Func`2 predicate)
at System.Data.Entity.Infrastructure.DependencyResolution.ResolverChain.GetService(Type type, Object key)
at System.Data.Entity.Infrastructure.DependencyResolution.CompositeResolver`2.GetService(Type type, Object key)
at System.Data.Entity.Infrastructure.DependencyResolution.DbDependencyResolverExtensions.GetService[T](IDbDependencyResolver resolver, Object key)
at System.Data.Entity.Utilities.DbProviderFactoryExtensions.GetProviderServices(DbProviderFactory factory)
at System.Data.Entity.Infrastructure.DefaultManifestTokenResolver.<>c__DisplayClass1.<ResolveManifestToken>b__0(Tuple`3 k)
at System.Collections.Concurrent.ConcurrentDictionary`2.GetOrAdd(TKey key, Func`2 valueFactory)
at System.Data.Entity.Infrastructure.DefaultManifestTokenResolver.ResolveManifestToken(DbConnection connection)
at System.Data.Entity.Utilities.DbConnectionExtensions.GetProviderInfo(DbConnection connection, DbProviderManifest& providerManifest)
at System.Data.Entity.DbModelBuilder.Build(DbConnection providerConnection)
at System.Data.Entity.Internal.LazyInternalContext.CreateModel(LazyInternalContext internalContext)
at System.Data.Entity.Internal.RetryLazy`2.GetValue(TInput input)
at System.Data.Entity.Internal.LazyInternalContext.InitializeContext()
at System.Data.Entity.Internal.InternalContext.CreateObjectContextForDdlOps()
at System.Data.Entity.Database.Create(DatabaseExistenceState existenceState)
at System.Data.Entity.Database.Create()
at Nop.Data.Tests.PersistenceTest.SetUp() in C:\Users\yowko151215\Source\Repos\jenkins-labs-1\Tests\Nop.Data.Tests\PersistenceTest.cs:line 21
]]></stack-trace>
                                </failure>
                              </test-case>
                            </results>
                          </test-suite>
                          <test-suite type="TestFixture" name="ProductAttributePersistenceTests" executed="True" result="Failure" success="False" time="0.014" asserts="0">
                            <results>
                              <test-case name="Nop.Data.Tests.Catalog.ProductAttributePersistenceTests.Can_save_and_load_productAttribute" executed="True" result="Error" success="False" time="0.013" asserts="0">
                                <failure>
                                  <message><![CDATA[SetUp : System.InvalidOperationException : No Entity Framework provider found for the ADO.NET provider with invariant name 'System.Data.SqlServerCe.4.0'. Make sure the provider is registered in the 'entityFramework' section of the application config file. See http://go.microsoft.com/fwlink/?LinkId=260882 for more information.]]></message>
                                  <stack-trace><![CDATA[at System.Data.Entity.Infrastructure.DependencyResolution.DefaultProviderServicesResolver.GetService(Type type, Object key)
at System.Data.Entity.Infrastructure.DependencyResolution.CachingDependencyResolver.<>c__DisplayClass1.<GetService>b__0(Tuple`2 k)
at System.Collections.Concurrent.ConcurrentDictionary`2.GetOrAdd(TKey key, Func`2 valueFactory)
at System.Data.Entity.Infrastructure.DependencyResolution.CachingDependencyResolver.GetService(Type type, Object key)
at System.Data.Entity.Infrastructure.DependencyResolution.ResolverChain.<>c__DisplayClass3.<GetService>b__0(IDbDependencyResolver r)
at System.Linq.Enumerable.WhereSelectArrayIterator`2.MoveNext()
at System.Linq.Enumerable.FirstOrDefault[TSource](IEnumerable`1 source, Func`2 predicate)
at System.Data.Entity.Infrastructure.DependencyResolution.ResolverChain.GetService(Type type, Object key)
at System.Data.Entity.Infrastructure.DependencyResolution.RootDependencyResolver.GetService(Type type, Object key)
at System.Data.Entity.Infrastructure.DependencyResolution.ResolverChain.<>c__DisplayClass3.<GetService>b__0(IDbDependencyResolver r)
at System.Linq.Enumerable.WhereSelectArrayIterator`2.MoveNext()
at System.Linq.Enumerable.FirstOrDefault[TSource](IEnumerable`1 source, Func`2 predicate)
at System.Data.Entity.Infrastructure.DependencyResolution.ResolverChain.GetService(Type type, Object key)
at System.Data.Entity.Infrastructure.DependencyResolution.CompositeResolver`2.GetService(Type type, Object key)
at System.Data.Entity.Infrastructure.DependencyResolution.DbDependencyResolverExtensions.GetService[T](IDbDependencyResolver resolver, Object key)
at System.Data.Entity.Utilities.DbProviderFactoryExtensions.GetProviderServices(DbProviderFactory factory)
at System.Data.Entity.Infrastructure.DefaultManifestTokenResolver.<>c__DisplayClass1.<ResolveManifestToken>b__0(Tuple`3 k)
at System.Collections.Concurrent.ConcurrentDictionary`2.GetOrAdd(TKey key, Func`2 valueFactory)
at System.Data.Entity.Infrastructure.DefaultManifestTokenResolver.ResolveManifestToken(DbConnection connection)
at System.Data.Entity.Utilities.DbConnectionExtensions.GetProviderInfo(DbConnection connection, DbProviderManifest& providerManifest)
at System.Data.Entity.DbModelBuilder.Build(DbConnection providerConnection)
at System.Data.Entity.Internal.LazyInternalContext.CreateModel(LazyInternalContext internalContext)
at System.Data.Entity.Internal.RetryLazy`2.GetValue(TInput input)
at System.Data.Entity.Internal.LazyInternalContext.InitializeContext()
at System.Data.Entity.Internal.InternalContext.CreateObjectContextForDdlOps()
at System.Data.Entity.Database.Create(DatabaseExistenceState existenceState)
at System.Data.Entity.Database.Create()
at Nop.Data.Tests.PersistenceTest.SetUp() in C:\Users\yowko151215\Source\Repos\jenkins-labs-1\Tests\Nop.Data.Tests\PersistenceTest.cs:line 21
]]></stack-trace>
                                </failure>
                              </test-case>
                            </results>
                          </test-suite>
                          <test-suite type="TestFixture" name="ProductAttributeValuePersistenceTests" executed="True" result="Failure" success="False" time="0.013" asserts="0">
                            <results>
                              <test-case name="Nop.Data.Tests.Catalog.ProductAttributeValuePersistenceTests.Can_save_and_load_productAttributeValue" executed="True" result="Error" success="False" time="0.013" asserts="0">
                                <failure>
                                  <message><![CDATA[SetUp : System.InvalidOperationException : No Entity Framework provider found for the ADO.NET provider with invariant name 'System.Data.SqlServerCe.4.0'. Make sure the provider is registered in the 'entityFramework' section of the application config file. See http://go.microsoft.com/fwlink/?LinkId=260882 for more information.]]></message>
                                  <stack-trace><![CDATA[at System.Data.Entity.Infrastructure.DependencyResolution.DefaultProviderServicesResolver.GetService(Type type, Object key)
at System.Data.Entity.Infrastructure.DependencyResolution.CachingDependencyResolver.<>c__DisplayClass1.<GetService>b__0(Tuple`2 k)
at System.Collections.Concurrent.ConcurrentDictionary`2.GetOrAdd(TKey key, Func`2 valueFactory)
at System.Data.Entity.Infrastructure.DependencyResolution.CachingDependencyResolver.GetService(Type type, Object key)
at System.Data.Entity.Infrastructure.DependencyResolution.ResolverChain.<>c__DisplayClass3.<GetService>b__0(IDbDependencyResolver r)
at System.Linq.Enumerable.WhereSelectArrayIterator`2.MoveNext()
at System.Linq.Enumerable.FirstOrDefault[TSource](IEnumerable`1 source, Func`2 predicate)
at System.Data.Entity.Infrastructure.DependencyResolution.ResolverChain.GetService(Type type, Object key)
at System.Data.Entity.Infrastructure.DependencyResolution.RootDependencyResolver.GetService(Type type, Object key)
at System.Data.Entity.Infrastructure.DependencyResolution.ResolverChain.<>c__DisplayClass3.<GetService>b__0(IDbDependencyResolver r)
at System.Linq.Enumerable.WhereSelectArrayIterator`2.MoveNext()
at System.Linq.Enumerable.FirstOrDefault[TSource](IEnumerable`1 source, Func`2 predicate)
at System.Data.Entity.Infrastructure.DependencyResolution.ResolverChain.GetService(Type type, Object key)
at System.Data.Entity.Infrastructure.DependencyResolution.CompositeResolver`2.GetService(Type type, Object key)
at System.Data.Entity.Infrastructure.DependencyResolution.DbDependencyResolverExtensions.GetService[T](IDbDependencyResolver resolver, Object key)
at System.Data.Entity.Utilities.DbProviderFactoryExtensions.GetProviderServices(DbProviderFactory factory)
at System.Data.Entity.Infrastructure.DefaultManifestTokenResolver.<>c__DisplayClass1.<ResolveManifestToken>b__0(Tuple`3 k)
at System.Collections.Concurrent.ConcurrentDictionary`2.GetOrAdd(TKey key, Func`2 valueFactory)
at System.Data.Entity.Infrastructure.DefaultManifestTokenResolver.ResolveManifestToken(DbConnection connection)
at System.Data.Entity.Utilities.DbConnectionExtensions.GetProviderInfo(DbConnection connection, DbProviderManifest& providerManifest)
at System.Data.Entity.DbModelBuilder.Build(DbConnection providerConnection)
at System.Data.Entity.Internal.LazyInternalContext.CreateModel(LazyInternalContext internalContext)
at System.Data.Entity.Internal.RetryLazy`2.GetValue(TInput input)
at System.Data.Entity.Internal.LazyInternalContext.InitializeContext()
at System.Data.Entity.Internal.InternalContext.CreateObjectContextForDdlOps()
at System.Data.Entity.Database.Create(DatabaseExistenceState existenceState)
at System.Data.Entity.Database.Create()
at Nop.Data.Tests.PersistenceTest.SetUp() in C:\Users\yowko151215\Source\Repos\jenkins-labs-1\Tests\Nop.Data.Tests\PersistenceTest.cs:line 21
]]></stack-trace>
                                </failure>
                              </test-case>
                            </results>
                          </test-suite>
                          <test-suite type="TestFixture" name="ProductCategoryPersistenceTests" executed="True" result="Failure" success="False" time="0.016" asserts="0">
                            <results>
                              <test-case name="Nop.Data.Tests.Catalog.ProductCategoryPersistenceTests.Can_save_and_load_productCategory" executed="True" result="Error" success="False" time="0.015" asserts="0">
                                <failure>
                                  <message><![CDATA[SetUp : System.InvalidOperationException : No Entity Framework provider found for the ADO.NET provider with invariant name 'System.Data.SqlServerCe.4.0'. Make sure the provider is registered in the 'entityFramework' section of the application config file. See http://go.microsoft.com/fwlink/?LinkId=260882 for more information.]]></message>
                                  <stack-trace><![CDATA[at System.Data.Entity.Infrastructure.DependencyResolution.DefaultProviderServicesResolver.GetService(Type type, Object key)
at System.Data.Entity.Infrastructure.DependencyResolution.CachingDependencyResolver.<>c__DisplayClass1.<GetService>b__0(Tuple`2 k)
at System.Collections.Concurrent.ConcurrentDictionary`2.GetOrAdd(TKey key, Func`2 valueFactory)
at System.Data.Entity.Infrastructure.DependencyResolution.CachingDependencyResolver.GetService(Type type, Object key)
at System.Data.Entity.Infrastructure.DependencyResolution.ResolverChain.<>c__DisplayClass3.<GetService>b__0(IDbDependencyResolver r)
at System.Linq.Enumerable.WhereSelectArrayIterator`2.MoveNext()
at System.Linq.Enumerable.FirstOrDefault[TSource](IEnumerable`1 source, Func`2 predicate)
at System.Data.Entity.Infrastructure.DependencyResolution.ResolverChain.GetService(Type type, Object key)
at System.Data.Entity.Infrastructure.DependencyResolution.RootDependencyResolver.GetService(Type type, Object key)
at System.Data.Entity.Infrastructure.DependencyResolution.ResolverChain.<>c__DisplayClass3.<GetService>b__0(IDbDependencyResolver r)
at System.Linq.Enumerable.WhereSelectArrayIterator`2.MoveNext()
at System.Linq.Enumerable.FirstOrDefault[TSource](IEnumerable`1 source, Func`2 predicate)
at System.Data.Entity.Infrastructure.DependencyResolution.ResolverChain.GetService(Type type, Object key)
at System.Data.Entity.Infrastructure.DependencyResolution.CompositeResolver`2.GetService(Type type, Object key)
at System.Data.Entity.Infrastructure.DependencyResolution.DbDependencyResolverExtensions.GetService[T](IDbDependencyResolver resolver, Object key)
at System.Data.Entity.Utilities.DbProviderFactoryExtensions.GetProviderServices(DbProviderFactory factory)
at System.Data.Entity.Infrastructure.DefaultManifestTokenResolver.<>c__DisplayClass1.<ResolveManifestToken>b__0(Tuple`3 k)
at System.Collections.Concurrent.ConcurrentDictionary`2.GetOrAdd(TKey key, Func`2 valueFactory)
at System.Data.Entity.Infrastructure.DefaultManifestTokenResolver.ResolveManifestToken(DbConnection connection)
at System.Data.Entity.Utilities.DbConnectionExtensions.GetProviderInfo(DbConnection connection, DbProviderManifest& providerManifest)
at System.Data.Entity.DbModelBuilder.Build(DbConnection providerConnection)
at System.Data.Entity.Internal.LazyInternalContext.CreateModel(LazyInternalContext internalContext)
at System.Data.Entity.Internal.RetryLazy`2.GetValue(TInput input)
at System.Data.Entity.Internal.LazyInternalContext.InitializeContext()
at System.Data.Entity.Internal.InternalContext.CreateObjectContextForDdlOps()
at System.Data.Entity.Database.Create(DatabaseExistenceState existenceState)
at System.Data.Entity.Database.Create()
at Nop.Data.Tests.PersistenceTest.SetUp() in C:\Users\yowko151215\Source\Repos\jenkins-labs-1\Tests\Nop.Data.Tests\PersistenceTest.cs:line 21
]]></stack-trace>
                                </failure>
                              </test-case>
                            </results>
                          </test-suite>
                          <test-suite type="TestFixture" name="ProductManufacturerPersistenceTests" executed="True" result="Failure" success="False" time="0.014" asserts="0">
                            <results>
                              <test-case name="Nop.Data.Tests.Catalog.ProductManufacturerPersistenceTests.Can_save_and_load_productManufacturer" executed="True" result="Error" success="False" time="0.012" asserts="0">
                                <failure>
                                  <message><![CDATA[SetUp : System.InvalidOperationException : No Entity Framework provider found for the ADO.NET provider with invariant name 'System.Data.SqlServerCe.4.0'. Make sure the provider is registered in the 'entityFramework' section of the application config file. See http://go.microsoft.com/fwlink/?LinkId=260882 for more information.]]></message>
                                  <stack-trace><![CDATA[at System.Data.Entity.Infrastructure.DependencyResolution.DefaultProviderServicesResolver.GetService(Type type, Object key)
at System.Data.Entity.Infrastructure.DependencyResolution.CachingDependencyResolver.<>c__DisplayClass1.<GetService>b__0(Tuple`2 k)
at System.Collections.Concurrent.ConcurrentDictionary`2.GetOrAdd(TKey key, Func`2 valueFactory)
at System.Data.Entity.Infrastructure.DependencyResolution.CachingDependencyResolver.GetService(Type type, Object key)
at System.Data.Entity.Infrastructure.DependencyResolution.ResolverChain.<>c__DisplayClass3.<GetService>b__0(IDbDependencyResolver r)
at System.Linq.Enumerable.WhereSelectArrayIterator`2.MoveNext()
at System.Linq.Enumerable.FirstOrDefault[TSource](IEnumerable`1 source, Func`2 predicate)
at System.Data.Entity.Infrastructure.DependencyResolution.ResolverChain.GetService(Type type, Object key)
at System.Data.Entity.Infrastructure.DependencyResolution.RootDependencyResolver.GetService(Type type, Object key)
at System.Data.Entity.Infrastructure.DependencyResolution.ResolverChain.<>c__DisplayClass3.<GetService>b__0(IDbDependencyResolver r)
at System.Linq.Enumerable.WhereSelectArrayIterator`2.MoveNext()
at System.Linq.Enumerable.FirstOrDefault[TSource](IEnumerable`1 source, Func`2 predicate)
at System.Data.Entity.Infrastructure.DependencyResolution.ResolverChain.GetService(Type type, Object key)
at System.Data.Entity.Infrastructure.DependencyResolution.CompositeResolver`2.GetService(Type type, Object key)
at System.Data.Entity.Infrastructure.DependencyResolution.DbDependencyResolverExtensions.GetService[T](IDbDependencyResolver resolver, Object key)
at System.Data.Entity.Utilities.DbProviderFactoryExtensions.GetProviderServices(DbProviderFactory factory)
at System.Data.Entity.Infrastructure.DefaultManifestTokenResolver.<>c__DisplayClass1.<ResolveManifestToken>b__0(Tuple`3 k)
at System.Collections.Concurrent.ConcurrentDictionary`2.GetOrAdd(TKey key, Func`2 valueFactory)
at System.Data.Entity.Infrastructure.DefaultManifestTokenResolver.ResolveManifestToken(DbConnection connection)
at System.Data.Entity.Utilities.DbConnectionExtensions.GetProviderInfo(DbConnection connection, DbProviderManifest& providerManifest)
at System.Data.Entity.DbModelBuilder.Build(DbConnection providerConnection)
at System.Data.Entity.Internal.LazyInternalContext.CreateModel(LazyInternalContext internalContext)
at System.Data.Entity.Internal.RetryLazy`2.GetValue(TInput input)
at System.Data.Entity.Internal.LazyInternalContext.InitializeContext()
at System.Data.Entity.Internal.InternalContext.CreateObjectContextForDdlOps()
at System.Data.Entity.Database.Create(DatabaseExistenceState existenceState)
at System.Data.Entity.Database.Create()
at Nop.Data.Tests.PersistenceTest.SetUp() in C:\Users\yowko151215\Source\Repos\jenkins-labs-1\Tests\Nop.Data.Tests\PersistenceTest.cs:line 21
]]></stack-trace>
                                </failure>
                              </test-case>
                            </results>
                          </test-suite>
                          <test-suite type="TestFixture" name="ProductPersistenceTests" executed="True" result="Failure" success="False" time="0.158" asserts="0">
                            <results>
                              <test-case name="Nop.Data.Tests.Catalog.ProductPersistenceTests.Can_save_and_load_product" executed="True" result="Error" success="False" time="0.020" asserts="0">
                                <failure>
                                  <message><![CDATA[SetUp : System.InvalidOperationException : No Entity Framework provider found for the ADO.NET provider with invariant name 'System.Data.SqlServerCe.4.0'. Make sure the provider is registered in the 'entityFramework' section of the application config file. See http://go.microsoft.com/fwlink/?LinkId=260882 for more information.]]></message>
                                  <stack-trace><![CDATA[at System.Data.Entity.Infrastructure.DependencyResolution.DefaultProviderServicesResolver.GetService(Type type, Object key)
at System.Data.Entity.Infrastructure.DependencyResolution.CachingDependencyResolver.<>c__DisplayClass1.<GetService>b__0(Tuple`2 k)
at System.Collections.Concurrent.ConcurrentDictionary`2.GetOrAdd(TKey key, Func`2 valueFactory)
at System.Data.Entity.Infrastructure.DependencyResolution.CachingDependencyResolver.GetService(Type type, Object key)
at System.Data.Entity.Infrastructure.DependencyResolution.ResolverChain.<>c__DisplayClass3.<GetService>b__0(IDbDependencyResolver r)
at System.Linq.Enumerable.WhereSelectArrayIterator`2.MoveNext()
at System.Linq.Enumerable.FirstOrDefault[TSource](IEnumerable`1 source, Func`2 predicate)
at System.Data.Entity.Infrastructure.DependencyResolution.ResolverChain.GetService(Type type, Object key)
at System.Data.Entity.Infrastructure.DependencyResolution.RootDependencyResolver.GetService(Type type, Object key)
at System.Data.Entity.Infrastructure.DependencyResolution.ResolverChain.<>c__DisplayClass3.<GetService>b__0(IDbDependencyResolver r)
at System.Linq.Enumerable.WhereSelectArrayIterator`2.MoveNext()
at System.Linq.Enumerable.FirstOrDefault[TSource](IEnumerable`1 source, Func`2 predicate)
at System.Data.Entity.Infrastructure.DependencyResolution.ResolverChain.GetService(Type type, Object key)
at System.Data.Entity.Infrastructure.DependencyResolution.CompositeResolver`2.GetService(Type type, Object key)
at System.Data.Entity.Infrastructure.DependencyResolution.DbDependencyResolverExtensions.GetService[T](IDbDependencyResolver resolver, Object key)
at System.Data.Entity.Utilities.DbProviderFactoryExtensions.GetProviderServices(DbProviderFactory factory)
at System.Data.Entity.Infrastructure.DefaultManifestTokenResolver.<>c__DisplayClass1.<ResolveManifestToken>b__0(Tuple`3 k)
at System.Collections.Concurrent.ConcurrentDictionary`2.GetOrAdd(TKey key, Func`2 valueFactory)
at System.Data.Entity.Infrastructure.DefaultManifestTokenResolver.ResolveManifestToken(DbConnection connection)
at System.Data.Entity.Utilities.DbConnectionExtensions.GetProviderInfo(DbConnection connection, DbProviderManifest& providerManifest)
at System.Data.Entity.DbModelBuilder.Build(DbConnection providerConnection)
at System.Data.Entity.Internal.LazyInternalContext.CreateModel(LazyInternalContext internalContext)
at System.Data.Entity.Internal.RetryLazy`2.GetValue(TInput input)
at System.Data.Entity.Internal.LazyInternalContext.InitializeContext()
at System.Data.Entity.Internal.InternalContext.CreateObjectContextForDdlOps()
at System.Data.Entity.Database.Create(DatabaseExistenceState existenceState)
at System.Data.Entity.Database.Create()
at Nop.Data.Tests.PersistenceTest.SetUp() in C:\Users\yowko151215\Source\Repos\jenkins-labs-1\Tests\Nop.Data.Tests\PersistenceTest.cs:line 21
]]></stack-trace>
                                </failure>
                              </test-case>
                              <test-case name="Nop.Data.Tests.Catalog.ProductPersistenceTests.Can_save_and_load_product_with_productCategories" executed="True" result="Error" success="False" time="0.013" asserts="0">
                                <failure>
                                  <message><![CDATA[SetUp : System.InvalidOperationException : No Entity Framework provider found for the ADO.NET provider with invariant name 'System.Data.SqlServerCe.4.0'. Make sure the provider is registered in the 'entityFramework' section of the application config file. See http://go.microsoft.com/fwlink/?LinkId=260882 for more information.]]></message>
                                  <stack-trace><![CDATA[at System.Data.Entity.Infrastructure.DependencyResolution.DefaultProviderServicesResolver.GetService(Type type, Object key)
at System.Data.Entity.Infrastructure.DependencyResolution.CachingDependencyResolver.<>c__DisplayClass1.<GetService>b__0(Tuple`2 k)
at System.Collections.Concurrent.ConcurrentDictionary`2.GetOrAdd(TKey key, Func`2 valueFactory)
at System.Data.Entity.Infrastructure.DependencyResolution.CachingDependencyResolver.GetService(Type type, Object key)
at System.Data.Entity.Infrastructure.DependencyResolution.ResolverChain.<>c__DisplayClass3.<GetService>b__0(IDbDependencyResolver r)
at System.Linq.Enumerable.WhereSelectArrayIterator`2.MoveNext()
at System.Linq.Enumerable.FirstOrDefault[TSource](IEnumerable`1 source, Func`2 predicate)
at System.Data.Entity.Infrastructure.DependencyResolution.ResolverChain.GetService(Type type, Object key)
at System.Data.Entity.Infrastructure.DependencyResolution.RootDependencyResolver.GetService(Type type, Object key)
at System.Data.Entity.Infrastructure.DependencyResolution.ResolverChain.<>c__DisplayClass3.<GetService>b__0(IDbDependencyResolver r)
at System.Linq.Enumerable.WhereSelectArrayIterator`2.MoveNext()
at System.Linq.Enumerable.FirstOrDefault[TSource](IEnumerable`1 source, Func`2 predicate)
at System.Data.Entity.Infrastructure.DependencyResolution.ResolverChain.GetService(Type type, Object key)
at System.Data.Entity.Infrastructure.DependencyResolution.CompositeResolver`2.GetService(Type type, Object key)
at System.Data.Entity.Infrastructure.DependencyResolution.DbDependencyResolverExtensions.GetService[T](IDbDependencyResolver resolver, Object key)
at System.Data.Entity.Utilities.DbProviderFactoryExtensions.GetProviderServices(DbProviderFactory factory)
at System.Data.Entity.Infrastructure.DefaultManifestTokenResolver.<>c__DisplayClass1.<ResolveManifestToken>b__0(Tuple`3 k)
at System.Collections.Concurrent.ConcurrentDictionary`2.GetOrAdd(TKey key, Func`2 valueFactory)
at System.Data.Entity.Infrastructure.DefaultManifestTokenResolver.ResolveManifestToken(DbConnection connection)
at System.Data.Entity.Utilities.DbConnectionExtensions.GetProviderInfo(DbConnection connection, DbProviderManifest& providerManifest)
at System.Data.Entity.DbModelBuilder.Build(DbConnection providerConnection)
at System.Data.Entity.Internal.LazyInternalContext.CreateModel(LazyInternalContext internalContext)
at System.Data.Entity.Internal.RetryLazy`2.GetValue(TInput input)
at System.Data.Entity.Internal.LazyInternalContext.InitializeContext()
at System.Data.Entity.Internal.InternalContext.CreateObjectContextForDdlOps()
at System.Data.Entity.Database.Create(DatabaseExistenceState existenceState)
at System.Data.Entity.Database.Create()
at Nop.Data.Tests.PersistenceTest.SetUp() in C:\Users\yowko151215\Source\Repos\jenkins-labs-1\Tests\Nop.Data.Tests\PersistenceTest.cs:line 21
]]></stack-trace>
                                </failure>
                              </test-case>
                              <test-case name="Nop.Data.Tests.Catalog.ProductPersistenceTests.Can_save_and_load_product_with_productManufacturers" executed="True" result="Error" success="False" time="0.011" asserts="0">
                                <failure>
                                  <message><![CDATA[SetUp : System.InvalidOperationException : No Entity Framework provider found for the ADO.NET provider with invariant name 'System.Data.SqlServerCe.4.0'. Make sure the provider is registered in the 'entityFramework' section of the application config file. See http://go.microsoft.com/fwlink/?LinkId=260882 for more information.]]></message>
                                  <stack-trace><![CDATA[at System.Data.Entity.Infrastructure.DependencyResolution.DefaultProviderServicesResolver.GetService(Type type, Object key)
at System.Data.Entity.Infrastructure.DependencyResolution.CachingDependencyResolver.<>c__DisplayClass1.<GetService>b__0(Tuple`2 k)
at System.Collections.Concurrent.ConcurrentDictionary`2.GetOrAdd(TKey key, Func`2 valueFactory)
at System.Data.Entity.Infrastructure.DependencyResolution.CachingDependencyResolver.GetService(Type type, Object key)
at System.Data.Entity.Infrastructure.DependencyResolution.ResolverChain.<>c__DisplayClass3.<GetService>b__0(IDbDependencyResolver r)
at System.Linq.Enumerable.WhereSelectArrayIterator`2.MoveNext()
at System.Linq.Enumerable.FirstOrDefault[TSource](IEnumerable`1 source, Func`2 predicate)
at System.Data.Entity.Infrastructure.DependencyResolution.ResolverChain.GetService(Type type, Object key)
at System.Data.Entity.Infrastructure.DependencyResolution.RootDependencyResolver.GetService(Type type, Object key)
at System.Data.Entity.Infrastructure.DependencyResolution.ResolverChain.<>c__DisplayClass3.<GetService>b__0(IDbDependencyResolver r)
at System.Linq.Enumerable.WhereSelectArrayIterator`2.MoveNext()
at System.Linq.Enumerable.FirstOrDefault[TSource](IEnumerable`1 source, Func`2 predicate)
at System.Data.Entity.Infrastructure.DependencyResolution.ResolverChain.GetService(Type type, Object key)
at System.Data.Entity.Infrastructure.DependencyResolution.CompositeResolver`2.GetService(Type type, Object key)
at System.Data.Entity.Infrastructure.DependencyResolution.DbDependencyResolverExtensions.GetService[T](IDbDependencyResolver resolver, Object key)
at System.Data.Entity.Utilities.DbProviderFactoryExtensions.GetProviderServices(DbProviderFactory factory)
at System.Data.Entity.Infrastructure.DefaultManifestTokenResolver.<>c__DisplayClass1.<ResolveManifestToken>b__0(Tuple`3 k)
at System.Collections.Concurrent.ConcurrentDictionary`2.GetOrAdd(TKey key, Func`2 valueFactory)
at System.Data.Entity.Infrastructure.DefaultManifestTokenResolver.ResolveManifestToken(DbConnection connection)
at System.Data.Entity.Utilities.DbConnectionExtensions.GetProviderInfo(DbConnection connection, DbProviderManifest& providerManifest)
at System.Data.Entity.DbModelBuilder.Build(DbConnection providerConnection)
at System.Data.Entity.Internal.LazyInternalContext.CreateModel(LazyInternalContext internalContext)
at System.Data.Entity.Internal.RetryLazy`2.GetValue(TInput input)
at System.Data.Entity.Internal.LazyInternalContext.InitializeContext()
at System.Data.Entity.Internal.InternalContext.CreateObjectContextForDdlOps()
at System.Data.Entity.Database.Create(DatabaseExistenceState existenceState)
at System.Data.Entity.Database.Create()
at Nop.Data.Tests.PersistenceTest.SetUp() in C:\Users\yowko151215\Source\Repos\jenkins-labs-1\Tests\Nop.Data.Tests\PersistenceTest.cs:line 21
]]></stack-trace>
                                </failure>
                              </test-case>
                              <test-case name="Nop.Data.Tests.Catalog.ProductPersistenceTests.Can_save_and_load_product_with_productPictures" executed="True" result="Error" success="False" time="0.010" asserts="0">
                                <failure>
                                  <message><![CDATA[SetUp : System.InvalidOperationException : No Entity Framework provider found for the ADO.NET provider with invariant name 'System.Data.SqlServerCe.4.0'. Make sure the provider is registered in the 'entityFramework' section of the application config file. See http://go.microsoft.com/fwlink/?LinkId=260882 for more information.]]></message>
                                  <stack-trace><![CDATA[at System.Data.Entity.Infrastructure.DependencyResolution.DefaultProviderServicesResolver.GetService(Type type, Object key)
at System.Data.Entity.Infrastructure.DependencyResolution.CachingDependencyResolver.<>c__DisplayClass1.<GetService>b__0(Tuple`2 k)
at System.Collections.Concurrent.ConcurrentDictionary`2.GetOrAdd(TKey key, Func`2 valueFactory)
at System.Data.Entity.Infrastructure.DependencyResolution.CachingDependencyResolver.GetService(Type type, Object key)
at System.Data.Entity.Infrastructure.DependencyResolution.ResolverChain.<>c__DisplayClass3.<GetService>b__0(IDbDependencyResolver r)
at System.Linq.Enumerable.WhereSelectArrayIterator`2.MoveNext()
at System.Linq.Enumerable.FirstOrDefault[TSource](IEnumerable`1 source, Func`2 predicate)
at System.Data.Entity.Infrastructure.DependencyResolution.ResolverChain.GetService(Type type, Object key)
at System.Data.Entity.Infrastructure.DependencyResolution.RootDependencyResolver.GetService(Type type, Object key)
at System.Data.Entity.Infrastructure.DependencyResolution.ResolverChain.<>c__DisplayClass3.<GetService>b__0(IDbDependencyResolver r)
at System.Linq.Enumerable.WhereSelectArrayIterator`2.MoveNext()
at System.Linq.Enumerable.FirstOrDefault[TSource](IEnumerable`1 source, Func`2 predicate)
at System.Data.Entity.Infrastructure.DependencyResolution.ResolverChain.GetService(Type type, Object key)
at System.Data.Entity.Infrastructure.DependencyResolution.CompositeResolver`2.GetService(Type type, Object key)
at System.Data.Entity.Infrastructure.DependencyResolution.DbDependencyResolverExtensions.GetService[T](IDbDependencyResolver resolver, Object key)
at System.Data.Entity.Utilities.DbProviderFactoryExtensions.GetProviderServices(DbProviderFactory factory)
at System.Data.Entity.Infrastructure.DefaultManifestTokenResolver.<>c__DisplayClass1.<ResolveManifestToken>b__0(Tuple`3 k)
at System.Collections.Concurrent.ConcurrentDictionary`2.GetOrAdd(TKey key, Func`2 valueFactory)
at System.Data.Entity.Infrastructure.DefaultManifestTokenResolver.ResolveManifestToken(DbConnection connection)
at System.Data.Entity.Utilities.DbConnectionExtensions.GetProviderInfo(DbConnection connection, DbProviderManifest& providerManifest)
at System.Data.Entity.DbModelBuilder.Build(DbConnection providerConnection)
at System.Data.Entity.Internal.LazyInternalContext.CreateModel(LazyInternalContext internalContext)
at System.Data.Entity.Internal.RetryLazy`2.GetValue(TInput input)
at System.Data.Entity.Internal.LazyInternalContext.InitializeContext()
at System.Data.Entity.Internal.InternalContext.CreateObjectContextForDdlOps()
at System.Data.Entity.Database.Create(DatabaseExistenceState existenceState)
at System.Data.Entity.Database.Create()
at Nop.Data.Tests.PersistenceTest.SetUp() in C:\Users\yowko151215\Source\Repos\jenkins-labs-1\Tests\Nop.Data.Tests\PersistenceTest.cs:line 21
]]></stack-trace>
                                </failure>
                              </test-case>
                              <test-case name="Nop.Data.Tests.Catalog.ProductPersistenceTests.Can_save_and_load_product_with_productTags" executed="True" result="Error" success="False" time="0.011" asserts="0">
                                <failure>
                                  <message><![CDATA[SetUp : System.InvalidOperationException : No Entity Framework provider found for the ADO.NET provider with invariant name 'System.Data.SqlServerCe.4.0'. Make sure the provider is registered in the 'entityFramework' section of the application config file. See http://go.microsoft.com/fwlink/?LinkId=260882 for more information.]]></message>
                                  <stack-trace><![CDATA[at System.Data.Entity.Infrastructure.DependencyResolution.DefaultProviderServicesResolver.GetService(Type type, Object key)
at System.Data.Entity.Infrastructure.DependencyResolution.CachingDependencyResolver.<>c__DisplayClass1.<GetService>b__0(Tuple`2 k)
at System.Collections.Concurrent.ConcurrentDictionary`2.GetOrAdd(TKey key, Func`2 valueFactory)
at System.Data.Entity.Infrastructure.DependencyResolution.CachingDependencyResolver.GetService(Type type, Object key)
at System.Data.Entity.Infrastructure.DependencyResolution.ResolverChain.<>c__DisplayClass3.<GetService>b__0(IDbDependencyResolver r)
at System.Linq.Enumerable.WhereSelectArrayIterator`2.MoveNext()
at System.Linq.Enumerable.FirstOrDefault[TSource](IEnumerable`1 source, Func`2 predicate)
at System.Data.Entity.Infrastructure.DependencyResolution.ResolverChain.GetService(Type type, Object key)
at System.Data.Entity.Infrastructure.DependencyResolution.RootDependencyResolver.GetService(Type type, Object key)
at System.Data.Entity.Infrastructure.DependencyResolution.ResolverChain.<>c__DisplayClass3.<GetService>b__0(IDbDependencyResolver r)
at System.Linq.Enumerable.WhereSelectArrayIterator`2.MoveNext()
at System.Linq.Enumerable.FirstOrDefault[TSource](IEnumerable`1 source, Func`2 predicate)
at System.Data.Entity.Infrastructure.DependencyResolution.ResolverChain.GetService(Type type, Object key)
at System.Data.Entity.Infrastructure.DependencyResolution.CompositeResolver`2.GetService(Type type, Object key)
at System.Data.Entity.Infrastructure.DependencyResolution.DbDependencyResolverExtensions.GetService[T](IDbDependencyResolver resolver, Object key)
at System.Data.Entity.Utilities.DbProviderFactoryExtensions.GetProviderServices(DbProviderFactory factory)
at System.Data.Entity.Infrastructure.DefaultManifestTokenResolver.<>c__DisplayClass1.<ResolveManifestToken>b__0(Tuple`3 k)
at System.Collections.Concurrent.ConcurrentDictionary`2.GetOrAdd(TKey key, Func`2 valueFactory)
at System.Data.Entity.Infrastructure.DefaultManifestTokenResolver.ResolveManifestToken(DbConnection connection)
at System.Data.Entity.Utilities.DbConnectionExtensions.GetProviderInfo(DbConnection connection, DbProviderManifest& providerManifest)
at System.Data.Entity.DbModelBuilder.Build(DbConnection providerConnection)
at System.Data.Entity.Internal.LazyInternalContext.CreateModel(LazyInternalContext internalContext)
at System.Data.Entity.Internal.RetryLazy`2.GetValue(TInput input)
at System.Data.Entity.Internal.LazyInternalContext.InitializeContext()
at System.Data.Entity.Internal.InternalContext.CreateObjectContextForDdlOps()
at System.Data.Entity.Database.Create(DatabaseExistenceState existenceState)
at System.Data.Entity.Database.Create()
at Nop.Data.Tests.PersistenceTest.SetUp() in C:\Users\yowko151215\Source\Repos\jenkins-labs-1\Tests\Nop.Data.Tests\PersistenceTest.cs:line 21
]]></stack-trace>
                                </failure>
                              </test-case>
[...]
                        <results>
                          <test-suite type="TestFixture" name="TopicPersistenceTests" executed="True" result="Failure" success="False" time="0.014" asserts="0">
                            <results>
                              <test-case name="Nop.Data.Tests.Topics.TopicPersistenceTests.Can_save_and_load_topic" executed="True" result="Error" success="False" time="0.012" asserts="0">
                                <failure>
                                  <message><![CDATA[SetUp : System.InvalidOperationException : No Entity Framework provider found for the ADO.NET provider with invariant name 'System.Data.SqlServerCe.4.0'. Make sure the provider is registered in the 'entityFramework' section of the application config file. See http://go.microsoft.com/fwlink/?LinkId=260882 for more information.]]></message>
                                  <stack-trace><![CDATA[at System.Data.Entity.Infrastructure.DependencyResolution.DefaultProviderServicesResolver.GetService(Type type, Object key)
at System.Data.Entity.Infrastructure.DependencyResolution.CachingDependencyResolver.<>c__DisplayClass1.<GetService>b__0(Tuple`2 k)
at System.Collections.Concurrent.ConcurrentDictionary`2.GetOrAdd(TKey key, Func`2 valueFactory)
at System.Data.Entity.Infrastructure.DependencyResolution.CachingDependencyResolver.GetService(Type type, Object key)
at System.Data.Entity.Infrastructure.DependencyResolution.ResolverChain.<>c__DisplayClass3.<GetService>b__0(IDbDependencyResolver r)
at System.Linq.Enumerable.WhereSelectArrayIterator`2.MoveNext()
at System.Linq.Enumerable.FirstOrDefault[TSource](IEnumerable`1 source, Func`2 predicate)
at System.Data.Entity.Infrastructure.DependencyResolution.ResolverChain.GetService(Type type, Object key)
at System.Data.Entity.Infrastructure.DependencyResolution.RootDependencyResolver.GetService(Type type, Object key)
at System.Data.Entity.Infrastructure.DependencyResolution.ResolverChain.<>c__DisplayClass3.<GetService>b__0(IDbDependencyResolver r)
at System.Linq.Enumerable.WhereSelectArrayIterator`2.MoveNext()
at System.Linq.Enumerable.FirstOrDefault[TSource](IEnumerable`1 source, Func`2 predicate)
at System.Data.Entity.Infrastructure.DependencyResolution.ResolverChain.GetService(Type type, Object key)
at System.Data.Entity.Infrastructure.DependencyResolution.CompositeResolver`2.GetService(Type type, Object key)
at System.Data.Entity.Infrastructure.DependencyResolution.DbDependencyResolverExtensions.GetService[T](IDbDependencyResolver resolver, Object key)
at System.Data.Entity.Utilities.DbProviderFactoryExtensions.GetProviderServices(DbProviderFactory factory)
at System.Data.Entity.Infrastructure.DefaultManifestTokenResolver.<>c__DisplayClass1.<ResolveManifestToken>b__0(Tuple`3 k)
at System.Collections.Concurrent.ConcurrentDictionary`2.GetOrAdd(TKey key, Func`2 valueFactory)
at System.Data.Entity.Infrastructure.DefaultManifestTokenResolver.ResolveManifestToken(DbConnection connection)
at System.Data.Entity.Utilities.DbConnectionExtensions.GetProviderInfo(DbConnection connection, DbProviderManifest& providerManifest)
at System.Data.Entity.DbModelBuilder.Build(DbConnection providerConnection)
at System.Data.Entity.Internal.LazyInternalContext.CreateModel(LazyInternalContext internalContext)
at System.Data.Entity.Internal.RetryLazy`2.GetValue(TInput input)
at System.Data.Entity.Internal.LazyInternalContext.InitializeContext()
at System.Data.Entity.Internal.InternalContext.CreateObjectContextForDdlOps()
at System.Data.Entity.Database.Create(DatabaseExistenceState existenceState)
at System.Data.Entity.Database.Create()
at Nop.Data.Tests.PersistenceTest.SetUp() in C:\Users\yowko151215\Source\Repos\jenkins-labs-1\Tests\Nop.Data.Tests\PersistenceTest.cs:line 21
]]></stack-trace>
                                </failure>
                              </test-case>
                            </results>
                          </test-suite>
                          <test-suite type="TestFixture" name="TopicTemplatePersistenceTests" executed="True" result="Failure" success="False" time="0.013" asserts="0">
                            <results>
                              <test-case name="Nop.Data.Tests.Topics.TopicTemplatePersistenceTests.Can_save_and_load_topicTemplate" executed="True" result="Error" success="False" time="0.012" asserts="0">
                                <failure>
                                  <message><![CDATA[SetUp : System.InvalidOperationException : No Entity Framework provider found for the ADO.NET provider with invariant name 'System.Data.SqlServerCe.4.0'. Make sure the provider is registered in the 'entityFramework' section of the application config file. See http://go.microsoft.com/fwlink/?LinkId=260882 for more information.]]></message>
                                  <stack-trace><![CDATA[at System.Data.Entity.Infrastructure.DependencyResolution.DefaultProviderServicesResolver.GetService(Type type, Object key)
at System.Data.Entity.Infrastructure.DependencyResolution.CachingDependencyResolver.<>c__DisplayClass1.<GetService>b__0(Tuple`2 k)
at System.Collections.Concurrent.ConcurrentDictionary`2.GetOrAdd(TKey key, Func`2 valueFactory)
at System.Data.Entity.Infrastructure.DependencyResolution.CachingDependencyResolver.GetService(Type type, Object key)
at System.Data.Entity.Infrastructure.DependencyResolution.ResolverChain.<>c__DisplayClass3.<GetService>b__0(IDbDependencyResolver r)
at System.Linq.Enumerable.WhereSelectArrayIterator`2.MoveNext()
at System.Linq.Enumerable.FirstOrDefault[TSource](IEnumerable`1 source, Func`2 predicate)
at System.Data.Entity.Infrastructure.DependencyResolution.ResolverChain.GetService(Type type, Object key)
at System.Data.Entity.Infrastructure.DependencyResolution.RootDependencyResolver.GetService(Type type, Object key)
at System.Data.Entity.Infrastructure.DependencyResolution.ResolverChain.<>c__DisplayClass3.<GetService>b__0(IDbDependencyResolver r)
at System.Linq.Enumerable.WhereSelectArrayIterator`2.MoveNext()
at System.Linq.Enumerable.FirstOrDefault[TSource](IEnumerable`1 source, Func`2 predicate)
at System.Data.Entity.Infrastructure.DependencyResolution.ResolverChain.GetService(Type type, Object key)
at System.Data.Entity.Infrastructure.DependencyResolution.CompositeResolver`2.GetService(Type type, Object key)
at System.Data.Entity.Infrastructure.DependencyResolution.DbDependencyResolverExtensions.GetService[T](IDbDependencyResolver resolver, Object key)
at System.Data.Entity.Utilities.DbProviderFactoryExtensions.GetProviderServices(DbProviderFactory factory)
at System.Data.Entity.Infrastructure.DefaultManifestTokenResolver.<>c__DisplayClass1.<ResolveManifestToken>b__0(Tuple`3 k)
at System.Collections.Concurrent.ConcurrentDictionary`2.GetOrAdd(TKey key, Func`2 valueFactory)
at System.Data.Entity.Infrastructure.DefaultManifestTokenResolver.ResolveManifestToken(DbConnection connection)
at System.Data.Entity.Utilities.DbConnectionExtensions.GetProviderInfo(DbConnection connection, DbProviderManifest& providerManifest)
at System.Data.Entity.DbModelBuilder.Build(DbConnection providerConnection)
at System.Data.Entity.Internal.LazyInternalContext.CreateModel(LazyInternalContext internalContext)
at System.Data.Entity.Internal.RetryLazy`2.GetValue(TInput input)
at System.Data.Entity.Internal.LazyInternalContext.InitializeContext()
at System.Data.Entity.Internal.InternalContext.CreateObjectContextForDdlOps()
at System.Data.Entity.Database.Create(DatabaseExistenceState existenceState)
at System.Data.Entity.Database.Create()
at Nop.Data.Tests.PersistenceTest.SetUp() in C:\Users\yowko151215\Source\Repos\jenkins-labs-1\Tests\Nop.Data.Tests\PersistenceTest.cs:line 21
]]></stack-trace>
                                </failure>
                              </test-case>
                            </results>
                          </test-suite>
                        </results>
                      </test-suite>
                      <test-suite type="Namespace" name="Vendors" executed="True" result="Failure" success="False" time="0.068" asserts="0">
                        <results>
                          <test-suite type="TestFixture" name="VendorNotePersistenceTests" executed="True" result="Failure" success="False" time="0.015" asserts="0">
                            <results>
                              <test-case name="Nop.Data.Tests.Vendors.VendorNotePersistenceTests.Can_save_and_load_vendorNote" executed="True" result="Error" success="False" time="0.014" asserts="0">
                                <failure>
                                  <message><![CDATA[SetUp : System.InvalidOperationException : No Entity Framework provider found for the ADO.NET provider with invariant name 'System.Data.SqlServerCe.4.0'. Make sure the provider is registered in the 'entityFramework' section of the application config file. See http://go.microsoft.com/fwlink/?LinkId=260882 for more information.]]></message>
                                  <stack-trace><![CDATA[at System.Data.Entity.Infrastructure.DependencyResolution.DefaultProviderServicesResolver.GetService(Type type, Object key)
at System.Data.Entity.Infrastructure.DependencyResolution.CachingDependencyResolver.<>c__DisplayClass1.<GetService>b__0(Tuple`2 k)
at System.Collections.Concurrent.ConcurrentDictionary`2.GetOrAdd(TKey key, Func`2 valueFactory)
at System.Data.Entity.Infrastructure.DependencyResolution.CachingDependencyResolver.GetService(Type type, Object key)
at System.Data.Entity.Infrastructure.DependencyResolution.ResolverChain.<>c__DisplayClass3.<GetService>b__0(IDbDependencyResolver r)
at System.Linq.Enumerable.WhereSelectArrayIterator`2.MoveNext()
at System.Linq.Enumerable.FirstOrDefault[TSource](IEnumerable`1 source, Func`2 predicate)
at System.Data.Entity.Infrastructure.DependencyResolution.ResolverChain.GetService(Type type, Object key)
at System.Data.Entity.Infrastructure.DependencyResolution.RootDependencyResolver.GetService(Type type, Object key)
at System.Data.Entity.Infrastructure.DependencyResolution.ResolverChain.<>c__DisplayClass3.<GetService>b__0(IDbDependencyResolver r)
at System.Linq.Enumerable.WhereSelectArrayIterator`2.MoveNext()
at System.Linq.Enumerable.FirstOrDefault[TSource](IEnumerable`1 source, Func`2 predicate)
at System.Data.Entity.Infrastructure.DependencyResolution.ResolverChain.GetService(Type type, Object key)
at System.Data.Entity.Infrastructure.DependencyResolution.CompositeResolver`2.GetService(Type type, Object key)
at System.Data.Entity.Infrastructure.DependencyResolution.DbDependencyResolverExtensions.GetService[T](IDbDependencyResolver resolver, Object key)
at System.Data.Entity.Utilities.DbProviderFactoryExtensions.GetProviderServices(DbProviderFactory factory)
at System.Data.Entity.Infrastructure.DefaultManifestTokenResolver.<>c__DisplayClass1.<ResolveManifestToken>b__0(Tuple`3 k)
at System.Collections.Concurrent.ConcurrentDictionary`2.GetOrAdd(TKey key, Func`2 valueFactory)
at System.Data.Entity.Infrastructure.DefaultManifestTokenResolver.ResolveManifestToken(DbConnection connection)
at System.Data.Entity.Utilities.DbConnectionExtensions.GetProviderInfo(DbConnection connection, DbProviderManifest& providerManifest)
at System.Data.Entity.DbModelBuilder.Build(DbConnection providerConnection)
at System.Data.Entity.Internal.LazyInternalContext.CreateModel(LazyInternalContext internalContext)
at System.Data.Entity.Internal.RetryLazy`2.GetValue(TInput input)
at System.Data.Entity.Internal.LazyInternalContext.InitializeContext()
at System.Data.Entity.Internal.InternalContext.CreateObjectContextForDdlOps()
at System.Data.Entity.Database.Create(DatabaseExistenceState existenceState)
at System.Data.Entity.Database.Create()
at Nop.Data.Tests.PersistenceTest.SetUp() in C:\Users\yowko151215\Source\Repos\jenkins-labs-1\Tests\Nop.Data.Tests\PersistenceTest.cs:line 21
]]></stack-trace>
                                </failure>
                              </test-case>
                            </results>
                          </test-suite>
                          <test-suite type="TestFixture" name="VendorPersistenceTests" executed="True" result="Failure" success="False" time="0.041" asserts="0">
                            <results>
                              <test-case name="Nop.Data.Tests.Vendors.VendorPersistenceTests.Can_save_and_load_vendor" executed="True" result="Error" success="False" time="0.013" asserts="0">
                                <failure>
                                  <message><![CDATA[SetUp : System.InvalidOperationException : No Entity Framework provider found for the ADO.NET provider with invariant name 'System.Data.SqlServerCe.4.0'. Make sure the provider is registered in the 'entityFramework' section of the application config file. See http://go.microsoft.com/fwlink/?LinkId=260882 for more information.]]></message>
                                  <stack-trace><![CDATA[at System.Data.Entity.Infrastructure.DependencyResolution.DefaultProviderServicesResolver.GetService(Type type, Object key)
at System.Data.Entity.Infrastructure.DependencyResolution.CachingDependencyResolver.<>c__DisplayClass1.<GetService>b__0(Tuple`2 k)
at System.Collections.Concurrent.ConcurrentDictionary`2.GetOrAdd(TKey key, Func`2 valueFactory)
at System.Data.Entity.Infrastructure.DependencyResolution.CachingDependencyResolver.GetService(Type type, Object key)
at System.Data.Entity.Infrastructure.DependencyResolution.ResolverChain.<>c__DisplayClass3.<GetService>b__0(IDbDependencyResolver r)
at System.Linq.Enumerable.WhereSelectArrayIterator`2.MoveNext()
at System.Linq.Enumerable.FirstOrDefault[TSource](IEnumerable`1 source, Func`2 predicate)
at System.Data.Entity.Infrastructure.DependencyResolution.ResolverChain.GetService(Type type, Object key)
at System.Data.Entity.Infrastructure.DependencyResolution.RootDependencyResolver.GetService(Type type, Object key)
at System.Data.Entity.Infrastructure.DependencyResolution.ResolverChain.<>c__DisplayClass3.<GetService>b__0(IDbDependencyResolver r)
at System.Linq.Enumerable.WhereSelectArrayIterator`2.MoveNext()
at System.Linq.Enumerable.FirstOrDefault[TSource](IEnumerable`1 source, Func`2 predicate)
at System.Data.Entity.Infrastructure.DependencyResolution.ResolverChain.GetService(Type type, Object key)
at System.Data.Entity.Infrastructure.DependencyResolution.CompositeResolver`2.GetService(Type type, Object key)
at System.Data.Entity.Infrastructure.DependencyResolution.DbDependencyResolverExtensions.GetService[T](IDbDependencyResolver resolver, Object key)
at System.Data.Entity.Utilities.DbProviderFactoryExtensions.GetProviderServices(DbProviderFactory factory)
at System.Data.Entity.Infrastructure.DefaultManifestTokenResolver.<>c__DisplayClass1.<ResolveManifestToken>b__0(Tuple`3 k)
at System.Collections.Concurrent.ConcurrentDictionary`2.GetOrAdd(TKey key, Func`2 valueFactory)
at System.Data.Entity.Infrastructure.DefaultManifestTokenResolver.ResolveManifestToken(DbConnection connection)
at System.Data.Entity.Utilities.DbConnectionExtensions.GetProviderInfo(DbConnection connection, DbProviderManifest& providerManifest)
at System.Data.Entity.DbModelBuilder.Build(DbConnection providerConnection)
at System.Data.Entity.Internal.LazyInternalContext.CreateModel(LazyInternalContext internalContext)
at System.Data.Entity.Internal.RetryLazy`2.GetValue(TInput input)
at System.Data.Entity.Internal.LazyInternalContext.InitializeContext()
at System.Data.Entity.Internal.InternalContext.CreateObjectContextForDdlOps()
at System.Data.Entity.Database.Create(DatabaseExistenceState existenceState)
at System.Data.Entity.Database.Create()
at Nop.Data.Tests.PersistenceTest.SetUp() in C:\Users\yowko151215\Source\Repos\jenkins-labs-1\Tests\Nop.Data.Tests\PersistenceTest.cs:line 21
]]></stack-trace>
                                </failure>
                              </test-case>
                              <test-case name="Nop.Data.Tests.Vendors.VendorPersistenceTests.Can_save_and_load_vendor_with_vendorNotes" executed="True" result="Error" success="False" time="0.014" asserts="0">
                                <failure>
                                  <message><![CDATA[SetUp : System.InvalidOperationException : No Entity Framework provider found for the ADO.NET provider with invariant name 'System.Data.SqlServerCe.4.0'. Make sure the provider is registered in the 'entityFramework' section of the application config file. See http://go.microsoft.com/fwlink/?LinkId=260882 for more information.]]></message>
                                  <stack-trace><![CDATA[at System.Data.Entity.Infrastructure.DependencyResolution.DefaultProviderServicesResolver.GetService(Type type, Object key)
at System.Data.Entity.Infrastructure.DependencyResolution.CachingDependencyResolver.<>c__DisplayClass1.<GetService>b__0(Tuple`2 k)
at System.Collections.Concurrent.ConcurrentDictionary`2.GetOrAdd(TKey key, Func`2 valueFactory)
at System.Data.Entity.Infrastructure.DependencyResolution.CachingDependencyResolver.GetService(Type type, Object key)
at System.Data.Entity.Infrastructure.DependencyResolution.ResolverChain.<>c__DisplayClass3.<GetService>b__0(IDbDependencyResolver r)
at System.Linq.Enumerable.WhereSelectArrayIterator`2.MoveNext()
at System.Linq.Enumerable.FirstOrDefault[TSource](IEnumerable`1 source, Func`2 predicate)
at System.Data.Entity.Infrastructure.DependencyResolution.ResolverChain.GetService(Type type, Object key)
at System.Data.Entity.Infrastructure.DependencyResolution.RootDependencyResolver.GetService(Type type, Object key)
at System.Data.Entity.Infrastructure.DependencyResolution.ResolverChain.<>c__DisplayClass3.<GetService>b__0(IDbDependencyResolver r)
at System.Linq.Enumerable.WhereSelectArrayIterator`2.MoveNext()
at System.Linq.Enumerable.FirstOrDefault[TSource](IEnumerable`1 source, Func`2 predicate)
at System.Data.Entity.Infrastructure.DependencyResolution.ResolverChain.GetService(Type type, Object key)
at System.Data.Entity.Infrastructure.DependencyResolution.CompositeResolver`2.GetService(Type type, Object key)
at System.Data.Entity.Infrastructure.DependencyResolution.DbDependencyResolverExtensions.GetService[T](IDbDependencyResolver resolver, Object key)
at System.Data.Entity.Utilities.DbProviderFactoryExtensions.GetProviderServices(DbProviderFactory factory)
at System.Data.Entity.Infrastructure.DefaultManifestTokenResolver.<>c__DisplayClass1.<ResolveManifestToken>b__0(Tuple`3 k)
at System.Collections.Concurrent.ConcurrentDictionary`2.GetOrAdd(TKey key, Func`2 valueFactory)
at System.Data.Entity.Infrastructure.DefaultManifestTokenResolver.ResolveManifestToken(DbConnection connection)
at System.Data.Entity.Utilities.DbConnectionExtensions.GetProviderInfo(DbConnection connection, DbProviderManifest& providerManifest)
at System.Data.Entity.DbModelBuilder.Build(DbConnection providerConnection)
at System.Data.Entity.Internal.LazyInternalContext.CreateModel(LazyInternalContext internalContext)
at System.Data.Entity.Internal.RetryLazy`2.GetValue(TInput input)
at System.Data.Entity.Internal.LazyInternalContext.InitializeContext()
at System.Data.Entity.Internal.InternalContext.CreateObjectContextForDdlOps()
at System.Data.Entity.Database.Create(DatabaseExistenceState existenceState)
at System.Data.Entity.Database.Create()
at Nop.Data.Tests.PersistenceTest.SetUp() in C:\Users\yowko151215\Source\Repos\jenkins-labs-1\Tests\Nop.Data.Tests\PersistenceTest.cs:line 21
]]></stack-trace>
                                </failure>
                              </test-case>
                            </results>
                          </test-suite>
                        </results>
                      </test-suite>
                    </results>
                  </test-suite>
                </results>
              </test-suite>
            </results>
          </test-suite>
        </results>
      </test-suite>
    </results>
  </test-suite>
</test-results>